<?xml version="1.0" encoding="UTF-8"?>
<testsuite xmlns:xsi="http://www.w3.org/2001/XMLSchema-instance" xsi:noNamespaceSchemaLocation="https://maven.apache.org/surefire/maven-surefire-plugin/xsd/surefire-test-report-3.0.xsd" version="3.0" name="DifferencesFiniesTest" time="3.282" tests="1" errors="0" skipped="0" failures="0">
  <properties>
[...]
</properties>
  <testcase name="testEntry" classname="DifferencesFiniesTest" time="3.217">
    <system-out><![CDATA[Tests sur les différences finies
Choisir l'équation: 
1 pour -u"=f
2 pour -u"+u'=f
1
Choisir le test: 
1 pour toutes les fonctions
2 pour une fonction en particulier
Choisir la fonction: 
1 pour u(x)=1
2 pour u(x)=x
3 pour u(x)=x^2
4 pour u(x)=x^3
5 pour u(x)=sin(pi*x)
Tests avec u(x)=sin(pi*x)
Cas avec 6 points entre 0 et 1
Erreur de calcul: 0.023162918763080187
-------------------------------------------------------------
La vitesse de convergence est: 2.0018886829399696
Le fichier existe déjà.
Image enregistrée.
Le fichier existe déjà.
Image enregistrée.
]]></system-out>
  </testcase>
</testsuite>