<?xml version="1.0" encoding="UTF-8"?>
<testsuite xmlns:xsi="http://www.w3.org/2001/XMLSchema-instance" xsi:noNamespaceSchemaLocation="https://maven.apache.org/surefire/maven-surefire-plugin/xsd/surefire-test-report-3.0.xsd" version="3.0" name="ElementsFinisTest" time="9.936" tests="5" errors="0" skipped="0" failures="0">
  <properties>
[...]
</properties>
  <testcase name="differencesFiniesTest1" classname="ElementsFinisTest" time="2.743">
    <system-out><![CDATA[Tests avec u(x) = 1
Cas avec 6 points entre 0 et 1
Erreur de calcul: 0.0
-------------------------------------------------------------
La vitesse de convergence est: -1.5413481529329074
Le fichier existe déjà.
Image enregistrée.
Le fichier existe déjà.
Image enregistrée.
]]></system-out>
  </testcase>
  <testcase name="differencesFiniesTest2" classname="ElementsFinisTest" time="2.053">
    <system-out><![CDATA[Tests avec u(x) = x
Cas avec 6 points entre 0 et 1
Erreur de calcul: 0.0
-------------------------------------------------------------
La vitesse de convergence est: -1.1506762145397667
Le fichier existe déjà.
Image enregistrée.
Le fichier existe déjà.
Image enregistrée.
]]></system-out>
  </testcase>
  <testcase name="differencesFiniesTest3" classname="ElementsFinisTest" time="1.752">
    <system-out><![CDATA[Tests avec f(x) = x^2
Cas avec 6 points entre 0 et 1
Erreur de calcul: 1.1102230246251565E-16
-------------------------------------------------------------
La vitesse de convergence est: -0.91456584542115
Le fichier existe déjà.
Image enregistrée.
Le fichier existe déjà.
Image enregistrée.
]]></system-out>
  </testcase>
  <testcase name="differencesFiniesTest4" classname="ElementsFinisTest" time="1.591">
    <system-out><![CDATA[Tests avec f(x) = x^3
Cas avec 6 points entre 0 et 1
Erreur de calcul: 2.220446049250313E-16
-------------------------------------------------------------
La vitesse de convergence est: -0.5943879306316141
Le fichier existe déjà.
Image enregistrée.
Le fichier existe déjà.
Image enregistrée.
]]></system-out>
  </testcase>
  <testcase name="differencesFiniesTest5" classname="ElementsFinisTest" time="1.73">
    <system-out><![CDATA[Tests avec f(x) = sin(pi*x)
Cas avec 6 points entre 0 et 1
Erreur de calcul: 0.023162918763080187
-------------------------------------------------------------
La vitesse de convergence est: 2.0018886829399696
Le fichier existe déjà.
Image enregistrée.
Le fichier existe déjà.
Image enregistrée.
]]></system-out>
  </testcase>
</testsuite>