<?xml version="1.0" encoding="UTF-8"?>
<testsuite xmlns:xsi="http://www.w3.org/2001/XMLSchema-instance" xsi:noNamespaceSchemaLocation="https://maven.apache.org/surefire/maven-surefire-plugin/xsd/surefire-test-report-3.0.xsd" version="3.0" name="VolumesFinisTest" time="31.08" tests="1" errors="0" skipped="0" failures="0">
  <properties>
[...]
</properties>
  <testcase name="differencesFiniesTest3" classname="VolumesFinisTest" time="31.031">
    <system-out><![CDATA[Tests avec f(x) = x^2
Cas avec 600 points entre 0 et 1
Lambdas : [1.0, 1.0, 1.0, 1.0, 1.0, 1.0, 1.0, 1.0, 1.0, 1.0, 1.0, 1.0, 1.0, 1.0, 1.0, 1.0, 1.0, 1.0, 1.0, 1.0, 1.0, 1.0, 1.0, 1.0, 1.0, 1.0, 1.0, 1.0, 1.0, 1.0, 1.0, 1.0, 1.0, 1.0, 1.0, 1.0, 1.0, 1.0, 1.0, 1.0, 1.0, 1.0, 1.0, 1.0, 1.0, 1.0, 1.0, 1.0, 1.0, 1.0, 1.0, 1.0, 1.0, 1.0, 1.0, 1.0, 1.0, 1.0, 1.0, 1.0, 1.0, 1.0, 1.0, 1.0, 1.0, 1.0, 1.0, 1.0, 1.0, 1.0, 1.0, 1.0, 1.0, 1.0, 1.0, 1.0, 1.0, 1.0, 1.0, 1.0, 1.0, 1.0, 1.0, 1.0, 1.0, 1.0, 1.0, 1.0, 1.0, 1.0, 1.0, 1.0, 1.0, 1.0, 1.0, 1.0, 1.0, 1.0, 1.0, 1.0, 1.0, 1.0, 1.0, 1.0, 1.0, 1.0, 1.0, 1.0, 1.0, 1.0, 1.0, 1.0, 1.0, 1.0, 1.0, 1.0, 1.0, 1.0, 1.0, 1.0, 1.0, 1.0, 1.0, 1.0, 1.0, 1.0, 1.0, 1.0, 1.0, 1.0, 1.0, 1.0, 1.0, 1.0, 1.0, 1.0, 1.0, 1.0, 1.0, 1.0, 1.0, 1.0, 1.0, 1.0, 1.0, 1.0, 1.0, 1.0, 1.0, 1.0, 1.0, 1.0, 1.0, 1.0, 1.0, 1.0, 1.0, 1.0, 1.0, 1.0, 1.0, 1.0, 1.0, 1.0, 1.0, 1.0, 1.0, 1.0, 1.0, 1.0, 1.0, 1.0, 1.0, 1.0, 1.0, 1.0, 1.0, 1.0, 1.0, 1.0, 1.0, 1.0, 1.0, 1.0, 1.0, 1.0, 1.0, 1.0, 1.0, 1.0, 1.0, 1.0, 1.0, 1.0, 1.0, 1.0, 1.0, 1.0, 1.0, 1.0, 1.0, 1.0, 1.0, 1.0, 1.0, 1.0, 1.0, 1.0, 1.0, 1.0, 1.0, 1.0, 1.0, 1.0, 1.0, 1.0, 1.0, 1.0, 1.0, 1.0, 1.0, 1.0, 1.0, 1.0, 1.0, 1.0, 1.0, 1.0, 1.0, 1.0, 1.0, 1.0, 1.0, 1.0, 1.0, 1.0, 1.0, 1.0, 1.0, 1.0, 1.0, 1.0, 1.0, 1.0, 1.0, 1.0, 1.0, 1.0, 1.0, 1.0, 1.0, 1.0, 1.0, 1.0, 1.0, 1.0, 1.0, 1.0, 1.0, 1.0, 1.0, 1.0, 1.0, 1.0, 1.0, 1.0, 1.0, 1.0, 1.0, 1.0, 1.0, 1.0, 1.0, 1.0, 1.0, 1.0, 1.0, 1.0, 1.0, 1.0, 1.0, 1.0, 1.0, 1.0, 1.0, 1.0, 1.0, 1.0, 1.0, 1.0, 1.0, 1.0, 1.0, 1.0, 1.0, 1.0, 1.0, 1.0, 1.0, 1.0, 2.0, 2.0, 2.0, 2.0, 2.0, 2.0, 2.0, 2.0, 2.0, 2.0, 2.0, 2.0, 2.0, 2.0, 2.0, 2.0, 2.0, 2.0, 2.0, 2.0, 2.0, 2.0, 2.0, 2.0, 2.0, 2.0, 2.0, 2.0, 2.0, 2.0, 2.0, 2.0, 2.0, 2.0, 2.0, 2.0, 2.0, 2.0, 2.0, 2.0, 2.0, 2.0, 2.0, 2.0, 2.0, 2.0, 2.0, 2.0, 2.0, 2.0, 2.0, 2.0, 2.0, 2.0, 2.0, 2.0, 2.0, 2.0, 2.0, 2.0, 2.0, 2.0, 2.0, 2.0, 2.0, 2.0, 2.0, 2.0, 2.0, 2.0, 2.0, 2.0, 2.0, 2.0, 2.0, 2.0, 2.0, 2.0, 2.0, 2.0, 2.0, 2.0, 2.0, 2.0, 2.0, 2.0, 2.0, 2.0, 2.0, 2.0, 2.0, 2.0, 2.0, 2.0, 2.0, 2.0, 2.0, 2.0, 2.0, 2.0, 2.0, 2.0, 2.0, 2.0, 2.0, 2.0, 2.0, 2.0, 2.0, 2.0, 2.0, 2.0, 2.0, 2.0, 2.0, 2.0, 2.0, 2.0, 2.0, 2.0, 2.0, 2.0, 2.0, 2.0, 2.0, 2.0, 2.0, 2.0, 2.0, 2.0, 2.0, 2.0, 2.0, 2.0, 2.0, 2.0, 2.0, 2.0, 2.0, 2.0, 2.0, 2.0, 2.0, 2.0, 2.0, 2.0, 2.0, 2.0, 2.0, 2.0, 2.0, 2.0, 2.0, 2.0, 2.0, 2.0, 2.0, 2.0, 2.0, 2.0, 2.0, 2.0, 2.0, 2.0, 2.0, 2.0, 2.0, 2.0, 2.0, 2.0, 2.0, 2.0, 2.0, 2.0, 2.0, 2.0, 2.0, 2.0, 2.0, 2.0, 2.0, 2.0, 2.0, 2.0, 2.0, 2.0, 2.0, 2.0, 2.0, 2.0, 2.0, 2.0, 2.0, 2.0, 2.0, 2.0, 2.0, 2.0, 2.0, 2.0, 2.0, 2.0, 2.0, 2.0, 2.0, 2.0, 2.0, 2.0, 2.0, 2.0, 2.0, 2.0, 2.0, 2.0, 2.0, 2.0, 2.0, 2.0, 2.0, 2.0, 2.0, 2.0, 2.0, 2.0, 2.0, 2.0, 2.0, 2.0, 2.0, 2.0, 2.0, 2.0, 2.0, 2.0, 2.0, 2.0, 2.0, 2.0, 2.0, 2.0, 2.0, 2.0, 2.0, 2.0, 2.0, 2.0, 2.0, 2.0, 2.0, 2.0, 2.0, 2.0, 2.0, 2.0, 2.0, 2.0, 2.0, 2.0, 2.0, 2.0, 2.0, 2.0, 2.0, 2.0, 2.0, 2.0, 2.0, 2.0, 2.0, 2.0, 2.0, 2.0, 2.0, 2.0, 2.0, 2.0, 2.0, 2.0, 2.0, 2.0, 2.0, 2.0, 2.0, 2.0, 2.0, 2.0, 2.0, 2.0, 2.0, 2.0, 2.0, 2.0, 2.0, 2.0, 2.0, 2.0, 2.0, 2.0, 2.0, 2.0]
Nodes : [0.0, 0.0016666666666666668, 0.0033333333333333335, 0.005, 0.006666666666666667, 0.008333333333333333, 0.01, 0.011666666666666667, 0.013333333333333334, 0.015000000000000001, 0.016666666666666666, 0.018333333333333333, 0.02, 0.021666666666666667, 0.023333333333333334, 0.025, 0.02666666666666667, 0.028333333333333335, 0.030000000000000002, 0.03166666666666667, 0.03333333333333333, 0.035, 0.03666666666666667, 0.03833333333333334, 0.04, 0.04166666666666667, 0.043333333333333335, 0.045000000000000005, 0.04666666666666667, 0.04833333333333334, 0.05, 0.05166666666666667, 0.05333333333333334, 0.055, 0.05666666666666667, 0.058333333333333334, 0.060000000000000005, 0.06166666666666667, 0.06333333333333334, 0.065, 0.06666666666666667, 0.06833333333333334, 0.07, 0.07166666666666667, 0.07333333333333333, 0.07500000000000001, 0.07666666666666667, 0.07833333333333334, 0.08, 0.08166666666666667, 0.08333333333333334, 0.085, 0.08666666666666667, 0.08833333333333333, 0.09000000000000001, 0.09166666666666667, 0.09333333333333334, 0.095, 0.09666666666666668, 0.09833333333333334, 0.1, 0.10166666666666667, 0.10333333333333335, 0.10500000000000001, 0.10666666666666667, 0.10833333333333334, 0.11, 0.11166666666666668, 0.11333333333333334, 0.115, 0.11666666666666667, 0.11833333333333335, 0.12000000000000001, 0.12166666666666667, 0.12333333333333334, 0.125, 0.12666666666666668, 0.12833333333333335, 0.13, 0.13166666666666668, 0.13333333333333333, 0.135, 0.1366666666666667, 0.13833333333333334, 0.14, 0.14166666666666666, 0.14333333333333334, 0.14500000000000002, 0.14666666666666667, 0.14833333333333334, 0.15000000000000002, 0.15166666666666667, 0.15333333333333335, 0.155, 0.15666666666666668, 0.15833333333333335, 0.16, 0.16166666666666668, 0.16333333333333333, 0.165, 0.16666666666666669, 0.16833333333333333, 0.17, 0.1716666666666667, 0.17333333333333334, 0.17500000000000002, 0.17666666666666667, 0.17833333333333334, 0.18000000000000002, 0.18166666666666667, 0.18333333333333335, 0.18500000000000003, 0.18666666666666668, 0.18833333333333335, 0.19, 0.19166666666666668, 0.19333333333333336, 0.195, 0.19666666666666668, 0.19833333333333333, 0.2, 0.2016666666666667, 0.20333333333333334, 0.20500000000000002, 0.2066666666666667, 0.20833333333333334, 0.21000000000000002, 0.21166666666666667, 0.21333333333333335, 0.21500000000000002, 0.21666666666666667, 0.21833333333333335, 0.22, 0.22166666666666668, 0.22333333333333336, 0.225, 0.22666666666666668, 0.22833333333333336, 0.23, 0.2316666666666667, 0.23333333333333334, 0.23500000000000001, 0.2366666666666667, 0.23833333333333334, 0.24000000000000002, 0.24166666666666667, 0.24333333333333335, 0.24500000000000002, 0.24666666666666667, 0.24833333333333335, 0.25, 0.2516666666666667, 0.25333333333333335, 0.255, 0.2566666666666667, 0.25833333333333336, 0.26, 0.26166666666666666, 0.26333333333333336, 0.265, 0.26666666666666666, 0.26833333333333337, 0.27, 0.27166666666666667, 0.2733333333333334, 0.275, 0.27666666666666667, 0.2783333333333334, 0.28, 0.2816666666666667, 0.2833333333333333, 0.28500000000000003, 0.2866666666666667, 0.28833333333333333, 0.29000000000000004, 0.2916666666666667, 0.29333333333333333, 0.29500000000000004, 0.2966666666666667, 0.29833333333333334, 0.30000000000000004, 0.3016666666666667, 0.30333333333333334, 0.305, 0.3066666666666667, 0.30833333333333335, 0.31, 0.3116666666666667, 0.31333333333333335, 0.315, 0.3166666666666667, 0.31833333333333336, 0.32, 0.3216666666666667, 0.32333333333333336, 0.325, 0.32666666666666666, 0.32833333333333337, 0.33, 0.33166666666666667, 0.33333333333333337, 0.335, 0.33666666666666667, 0.3383333333333334, 0.34, 0.3416666666666667, 0.3433333333333334, 0.34500000000000003, 0.3466666666666667, 0.34833333333333333, 0.35000000000000003, 0.3516666666666667, 0.35333333333333333, 0.35500000000000004, 0.3566666666666667, 0.35833333333333334, 0.36000000000000004, 0.3616666666666667, 0.36333333333333334, 0.36500000000000005, 0.3666666666666667, 0.36833333333333335, 0.37000000000000005, 0.3716666666666667, 0.37333333333333335, 0.375, 0.3766666666666667, 0.37833333333333335, 0.38, 0.3816666666666667, 0.38333333333333336, 0.385, 0.3866666666666667, 0.38833333333333336, 0.39, 0.3916666666666667, 0.39333333333333337, 0.395, 0.39666666666666667, 0.3983333333333334, 0.4, 0.40166666666666667, 0.4033333333333334, 0.405, 0.4066666666666667, 0.4083333333333334, 0.41000000000000003, 0.4116666666666667, 0.4133333333333334, 0.41500000000000004, 0.4166666666666667, 0.41833333333333333, 0.42000000000000004, 0.4216666666666667, 0.42333333333333334, 0.42500000000000004, 0.4266666666666667, 0.42833333333333334, 0.43000000000000005, 0.4316666666666667, 0.43333333333333335, 0.43500000000000005, 0.4366666666666667, 0.43833333333333335, 0.44, 0.4416666666666667, 0.44333333333333336, 0.445, 0.4466666666666667, 0.44833333333333336, 0.45, 0.4516666666666667, 0.45333333333333337, 0.455, 0.4566666666666667, 0.45833333333333337, 0.46, 0.46166666666666667, 0.4633333333333334, 0.465, 0.4666666666666667, 0.4683333333333334, 0.47000000000000003, 0.4716666666666667, 0.4733333333333334, 0.47500000000000003, 0.4766666666666667, 0.4783333333333334, 0.48000000000000004, 0.4816666666666667, 0.48333333333333334, 0.48500000000000004, 0.4866666666666667, 0.48833333333333334, 0.49000000000000005, 0.4916666666666667, 0.49333333333333335, 0.49500000000000005, 0.4966666666666667, 0.49833333333333335, 0.5, 0.5016666666666667, 0.5033333333333333, 0.505, 0.5066666666666667, 0.5083333333333333, 0.51, 0.5116666666666667, 0.5133333333333333, 0.515, 0.5166666666666667, 0.5183333333333333, 0.52, 0.5216666666666667, 0.5233333333333333, 0.525, 0.5266666666666666, 0.5283333333333333, 0.53, 0.5316666666666666, 0.5333333333333333, 0.535, 0.5366666666666666, 0.5383333333333333, 0.54, 0.5416666666666666, 0.5433333333333333, 0.545, 0.5466666666666666, 0.5483333333333333, 0.55, 0.5516666666666666, 0.5533333333333333, 0.555, 0.5566666666666666, 0.5583333333333333, 0.56, 0.5616666666666666, 0.5633333333333334, 0.565, 0.5666666666666667, 0.5683333333333334, 0.5700000000000001, 0.5716666666666667, 0.5733333333333334, 0.575, 0.5766666666666667, 0.5783333333333334, 0.58, 0.5816666666666667, 0.5833333333333334, 0.585, 0.5866666666666667, 0.5883333333333334, 0.59, 0.5916666666666667, 0.5933333333333334, 0.595, 0.5966666666666667, 0.5983333333333334, 0.6, 0.6016666666666667, 0.6033333333333334, 0.605, 0.6066666666666667, 0.6083333333333334, 0.61, 0.6116666666666667, 0.6133333333333333, 0.615, 0.6166666666666667, 0.6183333333333334, 0.62, 0.6216666666666667, 0.6233333333333333, 0.625, 0.6266666666666667, 0.6283333333333334, 0.63, 0.6316666666666667, 0.6333333333333333, 0.635, 0.6366666666666667, 0.6383333333333333, 0.64, 0.6416666666666666, 0.6433333333333333, 0.645, 0.6466666666666667, 0.6483333333333333, 0.65, 0.6516666666666666, 0.6533333333333333, 0.655, 0.6566666666666667, 0.6583333333333333, 0.66, 0.6616666666666666, 0.6633333333333333, 0.665, 0.6666666666666667, 0.6683333333333333, 0.67, 0.6716666666666666, 0.6733333333333333, 0.675, 0.6766666666666666, 0.6783333333333333, 0.68, 0.6816666666666666, 0.6833333333333333, 0.685, 0.6866666666666666, 0.6883333333333334, 0.69, 0.6916666666666667, 0.6933333333333334, 0.6950000000000001, 0.6966666666666667, 0.6983333333333334, 0.7, 0.7016666666666667, 0.7033333333333334, 0.7050000000000001, 0.7066666666666667, 0.7083333333333334, 0.71, 0.7116666666666667, 0.7133333333333334, 0.7150000000000001, 0.7166666666666667, 0.7183333333333334, 0.72, 0.7216666666666667, 0.7233333333333334, 0.725, 0.7266666666666667, 0.7283333333333334, 0.73, 0.7316666666666667, 0.7333333333333334, 0.735, 0.7366666666666667, 0.7383333333333333, 0.74, 0.7416666666666667, 0.7433333333333334, 0.745, 0.7466666666666667, 0.7483333333333333, 0.75, 0.7516666666666667, 0.7533333333333334, 0.755, 0.7566666666666667, 0.7583333333333333, 0.76, 0.7616666666666667, 0.7633333333333334, 0.765, 0.7666666666666666, 0.7683333333333333, 0.77, 0.7716666666666667, 0.7733333333333334, 0.775, 0.7766666666666666, 0.7783333333333333, 0.78, 0.7816666666666667, 0.7833333333333333, 0.785, 0.7866666666666666, 0.7883333333333333, 0.79, 0.7916666666666667, 0.7933333333333333, 0.795, 0.7966666666666666, 0.7983333333333333, 0.8, 0.8016666666666667, 0.8033333333333333, 0.8049999999999999, 0.8066666666666666, 0.8083333333333333, 0.81, 0.8116666666666668, 0.8133333333333334, 0.815, 0.8166666666666667, 0.8183333333333334, 0.8200000000000001, 0.8216666666666668, 0.8233333333333334, 0.825, 0.8266666666666667, 0.8283333333333334, 0.8300000000000001, 0.8316666666666667, 0.8333333333333334, 0.835, 0.8366666666666667, 0.8383333333333334, 0.8400000000000001, 0.8416666666666667, 0.8433333333333334, 0.845, 0.8466666666666667, 0.8483333333333334, 0.8500000000000001, 0.8516666666666667, 0.8533333333333333, 0.855, 0.8566666666666667, 0.8583333333333334, 0.8600000000000001, 0.8616666666666667, 0.8633333333333333, 0.865, 0.8666666666666667, 0.8683333333333334, 0.8700000000000001, 0.8716666666666667, 0.8733333333333333, 0.875, 0.8766666666666667, 0.8783333333333334, 0.88, 0.8816666666666667, 0.8833333333333333, 0.885, 0.8866666666666667, 0.8883333333333334, 0.89, 0.8916666666666667, 0.8933333333333333, 0.895, 0.8966666666666667, 0.8983333333333334, 0.9, 0.9016666666666666, 0.9033333333333333, 0.905, 0.9066666666666667, 0.9083333333333334, 0.91, 0.9116666666666666, 0.9133333333333333, 0.915, 0.9166666666666667, 0.9183333333333333, 0.92, 0.9216666666666666, 0.9233333333333333, 0.925, 0.9266666666666667, 0.9283333333333333, 0.93, 0.9316666666666666, 0.9333333333333333, 0.935, 0.9366666666666668, 0.9383333333333334, 0.94, 0.9416666666666667, 0.9433333333333334, 0.9450000000000001, 0.9466666666666668, 0.9483333333333334, 0.95, 0.9516666666666667, 0.9533333333333334, 0.9550000000000001, 0.9566666666666668, 0.9583333333333334, 0.96, 0.9616666666666667, 0.9633333333333334, 0.9650000000000001, 0.9666666666666667, 0.9683333333333334, 0.97, 0.9716666666666667, 0.9733333333333334, 0.9750000000000001, 0.9766666666666667, 0.9783333333333334, 0.98, 0.9816666666666667, 0.9833333333333334, 0.9850000000000001, 0.9866666666666667, 0.9883333333333333, 0.99, 0.9916666666666667, 0.9933333333333334, 0.9950000000000001, 0.9966666666666667, 0.9983333333333333, 1.0]
Vertices : [0.0, 8.333333333333334E-4, 0.0025, 0.004166666666666667, 0.005833333333333334, 0.0075, 0.009166666666666667, 0.010833333333333334, 0.0125, 0.014166666666666668, 0.015833333333333335, 0.0175, 0.019166666666666665, 0.020833333333333336, 0.0225, 0.02416666666666667, 0.025833333333333333, 0.027500000000000004, 0.029166666666666667, 0.030833333333333338, 0.0325, 0.034166666666666665, 0.035833333333333335, 0.037500000000000006, 0.03916666666666667, 0.04083333333333333, 0.0425, 0.044166666666666674, 0.04583333333333334, 0.0475, 0.04916666666666667, 0.05083333333333334, 0.052500000000000005, 0.05416666666666667, 0.05583333333333333, 0.0575, 0.05916666666666667, 0.060833333333333336, 0.0625, 0.06416666666666668, 0.06583333333333333, 0.0675, 0.06916666666666668, 0.07083333333333333, 0.07250000000000001, 0.07416666666666667, 0.07583333333333334, 0.07750000000000001, 0.07916666666666666, 0.08083333333333334, 0.0825, 0.08416666666666667, 0.08583333333333334, 0.0875, 0.08916666666666667, 0.09083333333333335, 0.0925, 0.09416666666666668, 0.09583333333333334, 0.0975, 0.09916666666666668, 0.10083333333333333, 0.10250000000000001, 0.10416666666666669, 0.10583333333333333, 0.10750000000000001, 0.10916666666666666, 0.11083333333333334, 0.11250000000000002, 0.11416666666666667, 0.11583333333333334, 0.11750000000000001, 0.11916666666666667, 0.12083333333333335, 0.1225, 0.12416666666666668, 0.12583333333333335, 0.1275, 0.12916666666666668, 0.13083333333333336, 0.1325, 0.13416666666666666, 0.13583333333333336, 0.1375, 0.13916666666666666, 0.14083333333333334, 0.14250000000000002, 0.14416666666666667, 0.14583333333333334, 0.14750000000000002, 0.14916666666666667, 0.15083333333333335, 0.15250000000000002, 0.15416666666666667, 0.15583333333333332, 0.15750000000000003, 0.15916666666666668, 0.16083333333333333, 0.1625, 0.16416666666666668, 0.16583333333333333, 0.1675, 0.1691666666666667, 0.17083333333333334, 0.17250000000000001, 0.1741666666666667, 0.17583333333333334, 0.1775, 0.1791666666666667, 0.18083333333333335, 0.1825, 0.1841666666666667, 0.18583333333333335, 0.1875, 0.18916666666666668, 0.19083333333333335, 0.1925, 0.19416666666666668, 0.19583333333333336, 0.1975, 0.19916666666666666, 0.20083333333333336, 0.2025, 0.20416666666666666, 0.20583333333333337, 0.20750000000000002, 0.20916666666666667, 0.21083333333333334, 0.21250000000000002, 0.21416666666666667, 0.21583333333333335, 0.21750000000000003, 0.21916666666666668, 0.22083333333333333, 0.22250000000000003, 0.22416666666666668, 0.22583333333333333, 0.22750000000000004, 0.22916666666666669, 0.23083333333333333, 0.2325, 0.2341666666666667, 0.23583333333333334, 0.23750000000000002, 0.2391666666666667, 0.24083333333333334, 0.2425, 0.2441666666666667, 0.24583333333333335, 0.2475, 0.24916666666666668, 0.25083333333333335, 0.25250000000000006, 0.25416666666666665, 0.25583333333333336, 0.25750000000000006, 0.25916666666666666, 0.26083333333333336, 0.2625, 0.26416666666666666, 0.26583333333333337, 0.2675, 0.26916666666666667, 0.27083333333333337, 0.2725, 0.27416666666666667, 0.2758333333333334, 0.2775, 0.2791666666666667, 0.2808333333333334, 0.2825, 0.2841666666666667, 0.2858333333333334, 0.2875, 0.2891666666666667, 0.2908333333333334, 0.2925, 0.2941666666666667, 0.2958333333333334, 0.2975, 0.2991666666666667, 0.3008333333333334, 0.3025, 0.3041666666666667, 0.30583333333333335, 0.3075, 0.3091666666666667, 0.31083333333333335, 0.3125, 0.3141666666666667, 0.31583333333333335, 0.3175, 0.3191666666666667, 0.32083333333333336, 0.3225, 0.3241666666666667, 0.3258333333333333, 0.3275, 0.3291666666666667, 0.3308333333333333, 0.3325, 0.3341666666666667, 0.3358333333333333, 0.3375, 0.3391666666666667, 0.3408333333333333, 0.3425, 0.34416666666666673, 0.3458333333333333, 0.34750000000000003, 0.3491666666666667, 0.35083333333333333, 0.35250000000000004, 0.3541666666666667, 0.35583333333333333, 0.35750000000000004, 0.3591666666666667, 0.36083333333333334, 0.36250000000000004, 0.3641666666666667, 0.36583333333333334, 0.36750000000000005, 0.3691666666666667, 0.37083333333333335, 0.37250000000000005, 0.37416666666666665, 0.37583333333333335, 0.37750000000000006, 0.37916666666666665, 0.38083333333333336, 0.38250000000000006, 0.38416666666666666, 0.38583333333333336, 0.38750000000000007, 0.38916666666666666, 0.39083333333333337, 0.39250000000000007, 0.39416666666666667, 0.39583333333333337, 0.3975, 0.39916666666666667, 0.4008333333333334, 0.4025, 0.4041666666666667, 0.4058333333333334, 0.40750000000000003, 0.4091666666666667, 0.4108333333333334, 0.41250000000000003, 0.4141666666666667, 0.4158333333333334, 0.4175, 0.4191666666666667, 0.4208333333333334, 0.4225, 0.4241666666666667, 0.4258333333333334, 0.4275, 0.4291666666666667, 0.4308333333333334, 0.4325, 0.4341666666666667, 0.4358333333333334, 0.4375, 0.4391666666666667, 0.44083333333333335, 0.4425, 0.4441666666666667, 0.44583333333333336, 0.4475, 0.4491666666666667, 0.45083333333333336, 0.4525, 0.4541666666666667, 0.45583333333333337, 0.4575, 0.4591666666666667, 0.4608333333333333, 0.4625, 0.4641666666666667, 0.4658333333333333, 0.4675, 0.46916666666666673, 0.4708333333333333, 0.47250000000000003, 0.47416666666666674, 0.47583333333333333, 0.47750000000000004, 0.47916666666666674, 0.48083333333333333, 0.48250000000000004, 0.4841666666666667, 0.48583333333333334, 0.48750000000000004, 0.4891666666666667, 0.49083333333333334, 0.49250000000000005, 0.4941666666666667, 0.49583333333333335, 0.49750000000000005, 0.49916666666666665, 0.5008333333333334, 0.5025, 0.5041666666666667, 0.5058333333333334, 0.5075000000000001, 0.5091666666666667, 0.5108333333333334, 0.5125, 0.5141666666666667, 0.5158333333333334, 0.5175000000000001, 0.5191666666666667, 0.5208333333333334, 0.5225, 0.5241666666666667, 0.5258333333333334, 0.5275, 0.5291666666666667, 0.5308333333333333, 0.5325, 0.5341666666666667, 0.5358333333333334, 0.5375, 0.5391666666666667, 0.5408333333333333, 0.5425, 0.5441666666666667, 0.5458333333333334, 0.5475, 0.5491666666666667, 0.5508333333333333, 0.5525, 0.5541666666666667, 0.5558333333333334, 0.5575, 0.5591666666666667, 0.5608333333333333, 0.5625, 0.5641666666666667, 0.5658333333333333, 0.5675, 0.5691666666666667, 0.5708333333333333, 0.5725, 0.5741666666666667, 0.5758333333333333, 0.5775, 0.5791666666666666, 0.5808333333333333, 0.5825, 0.5841666666666667, 0.5858333333333333, 0.5875, 0.5891666666666666, 0.5908333333333333, 0.5925, 0.5941666666666667, 0.5958333333333333, 0.5975, 0.5991666666666666, 0.6008333333333333, 0.6025, 0.6041666666666667, 0.6058333333333333, 0.6075, 0.6091666666666666, 0.6108333333333333, 0.6125, 0.6141666666666666, 0.6158333333333333, 0.6175, 0.6191666666666666, 0.6208333333333333, 0.6225, 0.6241666666666666, 0.6258333333333334, 0.6275000000000001, 0.6291666666666667, 0.6308333333333334, 0.6325000000000001, 0.6341666666666667, 0.6358333333333334, 0.6375, 0.6391666666666667, 0.6408333333333334, 0.6425, 0.6441666666666667, 0.6458333333333334, 0.6475, 0.6491666666666667, 0.6508333333333334, 0.6525, 0.6541666666666667, 0.6558333333333334, 0.6575, 0.6591666666666667, 0.6608333333333334, 0.6625, 0.6641666666666667, 0.6658333333333334, 0.6675, 0.6691666666666667, 0.6708333333333334, 0.6725, 0.6741666666666667, 0.6758333333333333, 0.6775, 0.6791666666666667, 0.6808333333333334, 0.6825, 0.6841666666666667, 0.6858333333333333, 0.6875, 0.6891666666666667, 0.6908333333333333, 0.6925, 0.6941666666666667, 0.6958333333333333, 0.6975, 0.6991666666666667, 0.7008333333333333, 0.7025, 0.7041666666666667, 0.7058333333333333, 0.7075, 0.7091666666666667, 0.7108333333333333, 0.7125, 0.7141666666666667, 0.7158333333333333, 0.7175, 0.7191666666666667, 0.7208333333333333, 0.7225, 0.7241666666666666, 0.7258333333333333, 0.7275, 0.7291666666666667, 0.7308333333333333, 0.7325, 0.7341666666666666, 0.7358333333333333, 0.7375, 0.7391666666666666, 0.7408333333333333, 0.7425, 0.7441666666666666, 0.7458333333333333, 0.7475, 0.7491666666666666, 0.7508333333333334, 0.7525000000000001, 0.7541666666666667, 0.7558333333333334, 0.7575000000000001, 0.7591666666666667, 0.7608333333333334, 0.7625000000000001, 0.7641666666666667, 0.7658333333333334, 0.7675, 0.7691666666666667, 0.7708333333333334, 0.7725000000000001, 0.7741666666666667, 0.7758333333333334, 0.7775, 0.7791666666666667, 0.7808333333333334, 0.7825, 0.7841666666666667, 0.7858333333333334, 0.7875, 0.7891666666666667, 0.7908333333333334, 0.7925, 0.7941666666666667, 0.7958333333333334, 0.7975, 0.7991666666666667, 0.8008333333333334, 0.8025, 0.8041666666666667, 0.8058333333333333, 0.8075, 0.8091666666666667, 0.8108333333333334, 0.8125, 0.8141666666666667, 0.8158333333333333, 0.8175, 0.8191666666666667, 0.8208333333333334, 0.8225, 0.8241666666666667, 0.8258333333333333, 0.8275, 0.8291666666666667, 0.8308333333333333, 0.8325, 0.8341666666666667, 0.8358333333333333, 0.8375, 0.8391666666666667, 0.8408333333333333, 0.8425, 0.8441666666666667, 0.8458333333333333, 0.8475, 0.8491666666666667, 0.8508333333333333, 0.8525, 0.8541666666666666, 0.8558333333333333, 0.8575, 0.8591666666666667, 0.8608333333333333, 0.8625, 0.8641666666666666, 0.8658333333333333, 0.8675, 0.8691666666666668, 0.8708333333333333, 0.8725, 0.8741666666666666, 0.8758333333333334, 0.8775000000000001, 0.8791666666666667, 0.8808333333333334, 0.8825000000000001, 0.8841666666666667, 0.8858333333333334, 0.8875000000000001, 0.8891666666666667, 0.8908333333333334, 0.8925000000000001, 0.8941666666666667, 0.8958333333333334, 0.8975000000000001, 0.8991666666666667, 0.9008333333333334, 0.9025, 0.9041666666666667, 0.9058333333333334, 0.9075000000000001, 0.9091666666666667, 0.9108333333333334, 0.9125, 0.9141666666666667, 0.9158333333333334, 0.9175, 0.9191666666666667, 0.9208333333333334, 0.9225, 0.9241666666666667, 0.9258333333333334, 0.9275, 0.9291666666666667, 0.9308333333333334, 0.9325, 0.9341666666666667, 0.9358333333333334, 0.9375, 0.9391666666666667, 0.9408333333333333, 0.9425, 0.9441666666666667, 0.9458333333333334, 0.9475, 0.9491666666666667, 0.9508333333333333, 0.9525, 0.9541666666666667, 0.9558333333333334, 0.9575, 0.9591666666666667, 0.9608333333333333, 0.9625, 0.9641666666666667, 0.9658333333333333, 0.9675, 0.9691666666666667, 0.9708333333333333, 0.9725, 0.9741666666666667, 0.9758333333333333, 0.9775, 0.9791666666666667, 0.9808333333333333, 0.9825, 0.9841666666666667, 0.9858333333333333, 0.9875, 0.9891666666666666, 0.9908333333333333, 0.9925, 0.9941666666666668, 0.9958333333333333, 0.9975, 0.9991666666666666, 1.0]
Lambdas : [1.0, 1.0, 1.0, 1.0, 1.0, 1.0, 1.0, 1.0, 1.0, 1.0, 1.0, 1.0, 1.0, 1.0, 1.0, 1.0, 1.0, 1.0, 1.0, 1.0, 1.0, 1.0, 1.0, 1.0, 1.0, 1.0, 1.0, 1.0, 1.0, 1.0, 1.0, 1.0, 1.0, 1.0, 1.0, 1.0, 1.0, 1.0, 1.0, 1.0, 1.0, 1.0, 1.0, 1.0, 1.0, 1.0, 1.0, 1.0, 1.0, 1.0, 1.0, 1.0, 1.0, 1.0, 1.0, 1.0, 1.0, 1.0, 1.0, 1.0, 1.0, 1.0, 1.0, 1.0, 1.0, 1.0, 1.0, 1.0, 1.0, 1.0, 1.0, 1.0, 1.0, 1.0, 1.0, 1.0, 1.0, 1.0, 1.0, 1.0, 1.0, 1.0, 1.0, 1.0, 1.0, 1.0, 1.0, 1.0, 1.0, 1.0, 1.0, 1.0, 1.0, 1.0, 1.0, 1.0, 1.0, 1.0, 1.0, 1.0, 1.0, 1.0, 1.0, 1.0, 1.0, 1.0, 1.0, 1.0, 1.0, 1.0, 1.0, 1.0, 1.0, 1.0, 1.0, 1.0, 1.0, 1.0, 1.0, 1.0, 1.0, 1.0, 1.0, 1.0, 1.0, 1.0, 1.0, 1.0, 1.0, 1.0, 1.0, 1.0, 1.0, 1.0, 1.0, 1.0, 1.0, 1.0, 1.0, 1.0, 1.0, 1.0, 1.0, 1.0, 1.0, 1.0, 1.0, 1.0, 1.0, 1.0, 1.0, 1.0, 1.0, 1.0, 1.0, 1.0, 1.0, 1.0, 1.0, 1.0, 1.0, 1.0, 1.0, 1.0, 1.0, 1.0, 1.0, 1.0, 1.0, 1.0, 1.0, 1.0, 1.0, 1.0, 1.0, 1.0, 1.0, 1.0, 1.0, 1.0, 1.0, 1.0, 1.0, 1.0, 1.0, 1.0, 1.0, 1.0, 1.0, 1.0, 1.0, 1.0, 1.0, 1.0, 1.0, 1.0, 1.0, 1.0, 1.0, 1.0, 1.0, 1.0, 1.0, 1.0, 1.0, 1.0, 1.0, 1.0, 1.0, 1.0, 1.0, 1.0, 1.0, 1.0, 1.0, 1.0, 1.0, 1.0, 1.0, 1.0, 1.0, 1.0, 1.0, 1.0, 1.0, 1.0, 1.0, 1.0, 1.0, 1.0, 1.0, 1.0, 1.0, 1.0, 1.0, 1.0, 1.0, 1.0, 1.0, 1.0, 1.0, 1.0, 1.0, 1.0, 1.0, 1.0, 1.0, 1.0, 1.0, 1.0, 1.0, 1.0, 1.0, 1.0, 1.0, 1.0, 1.0, 1.0, 1.0, 1.0, 1.0, 1.0, 1.0, 1.0, 1.0, 1.0, 1.0, 1.0, 1.0, 1.0, 1.0, 1.0, 1.0, 1.0, 1.0, 1.0, 1.0, 1.0, 1.0, 1.0, 1.0, 1.0, 1.0, 1.0, 1.0, 1.0, 1.0, 1.0, 1.0, 1.0, 1.0, 1.0, 1.0, 1.0, 1.0, 1.0, 1.0, 1.0, 1.0, 1.0, 2.0, 2.0, 2.0, 2.0, 2.0, 2.0, 2.0, 2.0, 2.0, 2.0, 2.0, 2.0, 2.0, 2.0, 2.0, 2.0, 2.0, 2.0, 2.0, 2.0, 2.0, 2.0, 2.0, 2.0, 2.0, 2.0, 2.0, 2.0, 2.0, 2.0, 2.0, 2.0, 2.0, 2.0, 2.0, 2.0, 2.0, 2.0, 2.0, 2.0, 2.0, 2.0, 2.0, 2.0, 2.0, 2.0, 2.0, 2.0, 2.0, 2.0, 2.0, 2.0, 2.0, 2.0, 2.0, 2.0, 2.0, 2.0, 2.0, 2.0, 2.0, 2.0, 2.0, 2.0, 2.0, 2.0, 2.0, 2.0, 2.0, 2.0, 2.0, 2.0, 2.0, 2.0, 2.0, 2.0, 2.0, 2.0, 2.0, 2.0, 2.0, 2.0, 2.0, 2.0, 2.0, 2.0, 2.0, 2.0, 2.0, 2.0, 2.0, 2.0, 2.0, 2.0, 2.0, 2.0, 2.0, 2.0, 2.0, 2.0, 2.0, 2.0, 2.0, 2.0, 2.0, 2.0, 2.0, 2.0, 2.0, 2.0, 2.0, 2.0, 2.0, 2.0, 2.0, 2.0, 2.0, 2.0, 2.0, 2.0, 2.0, 2.0, 2.0, 2.0, 2.0, 2.0, 2.0, 2.0, 2.0, 2.0, 2.0, 2.0, 2.0, 2.0, 2.0, 2.0, 2.0, 2.0, 2.0, 2.0, 2.0, 2.0, 2.0, 2.0, 2.0, 2.0, 2.0, 2.0, 2.0, 2.0, 2.0, 2.0, 2.0, 2.0, 2.0, 2.0, 2.0, 2.0, 2.0, 2.0, 2.0, 2.0, 2.0, 2.0, 2.0, 2.0, 2.0, 2.0, 2.0, 2.0, 2.0, 2.0, 2.0, 2.0, 2.0, 2.0, 2.0, 2.0, 2.0, 2.0, 2.0, 2.0, 2.0, 2.0, 2.0, 2.0, 2.0, 2.0, 2.0, 2.0, 2.0, 2.0, 2.0, 2.0, 2.0, 2.0, 2.0, 2.0, 2.0, 2.0, 2.0, 2.0, 2.0, 2.0, 2.0, 2.0, 2.0, 2.0, 2.0, 2.0, 2.0, 2.0, 2.0, 2.0, 2.0, 2.0, 2.0, 2.0, 2.0, 2.0, 2.0, 2.0, 2.0, 2.0, 2.0, 2.0, 2.0, 2.0, 2.0, 2.0, 2.0, 2.0, 2.0, 2.0, 2.0, 2.0, 2.0, 2.0, 2.0, 2.0, 2.0, 2.0, 2.0, 2.0, 2.0, 2.0, 2.0, 2.0, 2.0, 2.0, 2.0, 2.0, 2.0, 2.0, 2.0, 2.0, 2.0, 2.0, 2.0, 2.0, 2.0, 2.0, 2.0, 2.0, 2.0, 2.0, 2.0, 2.0, 2.0, 2.0, 2.0, 2.0, 2.0, 2.0, 2.0, 2.0, 2.0, 2.0, 2.0, 2.0, 2.0, 2.0, 2.0, 2.0, 2.0, 2.0, 2.0, 2.0, 2.0, 2.0, 2.0, 2.0, 2.0, 2.0, 2.0, 2.0, 2.0, 2.0, 2.0, 2.0]
Nodes : [0.0, 0.0016666666666666668, 0.0033333333333333335, 0.005, 0.006666666666666667, 0.008333333333333333, 0.01, 0.011666666666666667, 0.013333333333333334, 0.015000000000000001, 0.016666666666666666, 0.018333333333333333, 0.02, 0.021666666666666667, 0.023333333333333334, 0.025, 0.02666666666666667, 0.028333333333333335, 0.030000000000000002, 0.03166666666666667, 0.03333333333333333, 0.035, 0.03666666666666667, 0.03833333333333334, 0.04, 0.04166666666666667, 0.043333333333333335, 0.045000000000000005, 0.04666666666666667, 0.04833333333333334, 0.05, 0.05166666666666667, 0.05333333333333334, 0.055, 0.05666666666666667, 0.058333333333333334, 0.060000000000000005, 0.06166666666666667, 0.06333333333333334, 0.065, 0.06666666666666667, 0.06833333333333334, 0.07, 0.07166666666666667, 0.07333333333333333, 0.07500000000000001, 0.07666666666666667, 0.07833333333333334, 0.08, 0.08166666666666667, 0.08333333333333334, 0.085, 0.08666666666666667, 0.08833333333333333, 0.09000000000000001, 0.09166666666666667, 0.09333333333333334, 0.095, 0.09666666666666668, 0.09833333333333334, 0.1, 0.10166666666666667, 0.10333333333333335, 0.10500000000000001, 0.10666666666666667, 0.10833333333333334, 0.11, 0.11166666666666668, 0.11333333333333334, 0.115, 0.11666666666666667, 0.11833333333333335, 0.12000000000000001, 0.12166666666666667, 0.12333333333333334, 0.125, 0.12666666666666668, 0.12833333333333335, 0.13, 0.13166666666666668, 0.13333333333333333, 0.135, 0.1366666666666667, 0.13833333333333334, 0.14, 0.14166666666666666, 0.14333333333333334, 0.14500000000000002, 0.14666666666666667, 0.14833333333333334, 0.15000000000000002, 0.15166666666666667, 0.15333333333333335, 0.155, 0.15666666666666668, 0.15833333333333335, 0.16, 0.16166666666666668, 0.16333333333333333, 0.165, 0.16666666666666669, 0.16833333333333333, 0.17, 0.1716666666666667, 0.17333333333333334, 0.17500000000000002, 0.17666666666666667, 0.17833333333333334, 0.18000000000000002, 0.18166666666666667, 0.18333333333333335, 0.18500000000000003, 0.18666666666666668, 0.18833333333333335, 0.19, 0.19166666666666668, 0.19333333333333336, 0.195, 0.19666666666666668, 0.19833333333333333, 0.2, 0.2016666666666667, 0.20333333333333334, 0.20500000000000002, 0.2066666666666667, 0.20833333333333334, 0.21000000000000002, 0.21166666666666667, 0.21333333333333335, 0.21500000000000002, 0.21666666666666667, 0.21833333333333335, 0.22, 0.22166666666666668, 0.22333333333333336, 0.225, 0.22666666666666668, 0.22833333333333336, 0.23, 0.2316666666666667, 0.23333333333333334, 0.23500000000000001, 0.2366666666666667, 0.23833333333333334, 0.24000000000000002, 0.24166666666666667, 0.24333333333333335, 0.24500000000000002, 0.24666666666666667, 0.24833333333333335, 0.25, 0.2516666666666667, 0.25333333333333335, 0.255, 0.2566666666666667, 0.25833333333333336, 0.26, 0.26166666666666666, 0.26333333333333336, 0.265, 0.26666666666666666, 0.26833333333333337, 0.27, 0.27166666666666667, 0.2733333333333334, 0.275, 0.27666666666666667, 0.2783333333333334, 0.28, 0.2816666666666667, 0.2833333333333333, 0.28500000000000003, 0.2866666666666667, 0.28833333333333333, 0.29000000000000004, 0.2916666666666667, 0.29333333333333333, 0.29500000000000004, 0.2966666666666667, 0.29833333333333334, 0.30000000000000004, 0.3016666666666667, 0.30333333333333334, 0.305, 0.3066666666666667, 0.30833333333333335, 0.31, 0.3116666666666667, 0.31333333333333335, 0.315, 0.3166666666666667, 0.31833333333333336, 0.32, 0.3216666666666667, 0.32333333333333336, 0.325, 0.32666666666666666, 0.32833333333333337, 0.33, 0.33166666666666667, 0.33333333333333337, 0.335, 0.33666666666666667, 0.3383333333333334, 0.34, 0.3416666666666667, 0.3433333333333334, 0.34500000000000003, 0.3466666666666667, 0.34833333333333333, 0.35000000000000003, 0.3516666666666667, 0.35333333333333333, 0.35500000000000004, 0.3566666666666667, 0.35833333333333334, 0.36000000000000004, 0.3616666666666667, 0.36333333333333334, 0.36500000000000005, 0.3666666666666667, 0.36833333333333335, 0.37000000000000005, 0.3716666666666667, 0.37333333333333335, 0.375, 0.3766666666666667, 0.37833333333333335, 0.38, 0.3816666666666667, 0.38333333333333336, 0.385, 0.3866666666666667, 0.38833333333333336, 0.39, 0.3916666666666667, 0.39333333333333337, 0.395, 0.39666666666666667, 0.3983333333333334, 0.4, 0.40166666666666667, 0.4033333333333334, 0.405, 0.4066666666666667, 0.4083333333333334, 0.41000000000000003, 0.4116666666666667, 0.4133333333333334, 0.41500000000000004, 0.4166666666666667, 0.41833333333333333, 0.42000000000000004, 0.4216666666666667, 0.42333333333333334, 0.42500000000000004, 0.4266666666666667, 0.42833333333333334, 0.43000000000000005, 0.4316666666666667, 0.43333333333333335, 0.43500000000000005, 0.4366666666666667, 0.43833333333333335, 0.44, 0.4416666666666667, 0.44333333333333336, 0.445, 0.4466666666666667, 0.44833333333333336, 0.45, 0.4516666666666667, 0.45333333333333337, 0.455, 0.4566666666666667, 0.45833333333333337, 0.46, 0.46166666666666667, 0.4633333333333334, 0.465, 0.4666666666666667, 0.4683333333333334, 0.47000000000000003, 0.4716666666666667, 0.4733333333333334, 0.47500000000000003, 0.4766666666666667, 0.4783333333333334, 0.48000000000000004, 0.4816666666666667, 0.48333333333333334, 0.48500000000000004, 0.4866666666666667, 0.48833333333333334, 0.49000000000000005, 0.4916666666666667, 0.49333333333333335, 0.49500000000000005, 0.4966666666666667, 0.49833333333333335, 0.5, 0.5016666666666667, 0.5033333333333333, 0.505, 0.5066666666666667, 0.5083333333333333, 0.51, 0.5116666666666667, 0.5133333333333333, 0.515, 0.5166666666666667, 0.5183333333333333, 0.52, 0.5216666666666667, 0.5233333333333333, 0.525, 0.5266666666666666, 0.5283333333333333, 0.53, 0.5316666666666666, 0.5333333333333333, 0.535, 0.5366666666666666, 0.5383333333333333, 0.54, 0.5416666666666666, 0.5433333333333333, 0.545, 0.5466666666666666, 0.5483333333333333, 0.55, 0.5516666666666666, 0.5533333333333333, 0.555, 0.5566666666666666, 0.5583333333333333, 0.56, 0.5616666666666666, 0.5633333333333334, 0.565, 0.5666666666666667, 0.5683333333333334, 0.5700000000000001, 0.5716666666666667, 0.5733333333333334, 0.575, 0.5766666666666667, 0.5783333333333334, 0.58, 0.5816666666666667, 0.5833333333333334, 0.585, 0.5866666666666667, 0.5883333333333334, 0.59, 0.5916666666666667, 0.5933333333333334, 0.595, 0.5966666666666667, 0.5983333333333334, 0.6, 0.6016666666666667, 0.6033333333333334, 0.605, 0.6066666666666667, 0.6083333333333334, 0.61, 0.6116666666666667, 0.6133333333333333, 0.615, 0.6166666666666667, 0.6183333333333334, 0.62, 0.6216666666666667, 0.6233333333333333, 0.625, 0.6266666666666667, 0.6283333333333334, 0.63, 0.6316666666666667, 0.6333333333333333, 0.635, 0.6366666666666667, 0.6383333333333333, 0.64, 0.6416666666666666, 0.6433333333333333, 0.645, 0.6466666666666667, 0.6483333333333333, 0.65, 0.6516666666666666, 0.6533333333333333, 0.655, 0.6566666666666667, 0.6583333333333333, 0.66, 0.6616666666666666, 0.6633333333333333, 0.665, 0.6666666666666667, 0.6683333333333333, 0.67, 0.6716666666666666, 0.6733333333333333, 0.675, 0.6766666666666666, 0.6783333333333333, 0.68, 0.6816666666666666, 0.6833333333333333, 0.685, 0.6866666666666666, 0.6883333333333334, 0.69, 0.6916666666666667, 0.6933333333333334, 0.6950000000000001, 0.6966666666666667, 0.6983333333333334, 0.7, 0.7016666666666667, 0.7033333333333334, 0.7050000000000001, 0.7066666666666667, 0.7083333333333334, 0.71, 0.7116666666666667, 0.7133333333333334, 0.7150000000000001, 0.7166666666666667, 0.7183333333333334, 0.72, 0.7216666666666667, 0.7233333333333334, 0.725, 0.7266666666666667, 0.7283333333333334, 0.73, 0.7316666666666667, 0.7333333333333334, 0.735, 0.7366666666666667, 0.7383333333333333, 0.74, 0.7416666666666667, 0.7433333333333334, 0.745, 0.7466666666666667, 0.7483333333333333, 0.75, 0.7516666666666667, 0.7533333333333334, 0.755, 0.7566666666666667, 0.7583333333333333, 0.76, 0.7616666666666667, 0.7633333333333334, 0.765, 0.7666666666666666, 0.7683333333333333, 0.77, 0.7716666666666667, 0.7733333333333334, 0.775, 0.7766666666666666, 0.7783333333333333, 0.78, 0.7816666666666667, 0.7833333333333333, 0.785, 0.7866666666666666, 0.7883333333333333, 0.79, 0.7916666666666667, 0.7933333333333333, 0.795, 0.7966666666666666, 0.7983333333333333, 0.8, 0.8016666666666667, 0.8033333333333333, 0.8049999999999999, 0.8066666666666666, 0.8083333333333333, 0.81, 0.8116666666666668, 0.8133333333333334, 0.815, 0.8166666666666667, 0.8183333333333334, 0.8200000000000001, 0.8216666666666668, 0.8233333333333334, 0.825, 0.8266666666666667, 0.8283333333333334, 0.8300000000000001, 0.8316666666666667, 0.8333333333333334, 0.835, 0.8366666666666667, 0.8383333333333334, 0.8400000000000001, 0.8416666666666667, 0.8433333333333334, 0.845, 0.8466666666666667, 0.8483333333333334, 0.8500000000000001, 0.8516666666666667, 0.8533333333333333, 0.855, 0.8566666666666667, 0.8583333333333334, 0.8600000000000001, 0.8616666666666667, 0.8633333333333333, 0.865, 0.8666666666666667, 0.8683333333333334, 0.8700000000000001, 0.8716666666666667, 0.8733333333333333, 0.875, 0.8766666666666667, 0.8783333333333334, 0.88, 0.8816666666666667, 0.8833333333333333, 0.885, 0.8866666666666667, 0.8883333333333334, 0.89, 0.8916666666666667, 0.8933333333333333, 0.895, 0.8966666666666667, 0.8983333333333334, 0.9, 0.9016666666666666, 0.9033333333333333, 0.905, 0.9066666666666667, 0.9083333333333334, 0.91, 0.9116666666666666, 0.9133333333333333, 0.915, 0.9166666666666667, 0.9183333333333333, 0.92, 0.9216666666666666, 0.9233333333333333, 0.925, 0.9266666666666667, 0.9283333333333333, 0.93, 0.9316666666666666, 0.9333333333333333, 0.935, 0.9366666666666668, 0.9383333333333334, 0.94, 0.9416666666666667, 0.9433333333333334, 0.9450000000000001, 0.9466666666666668, 0.9483333333333334, 0.95, 0.9516666666666667, 0.9533333333333334, 0.9550000000000001, 0.9566666666666668, 0.9583333333333334, 0.96, 0.9616666666666667, 0.9633333333333334, 0.9650000000000001, 0.9666666666666667, 0.9683333333333334, 0.97, 0.9716666666666667, 0.9733333333333334, 0.9750000000000001, 0.9766666666666667, 0.9783333333333334, 0.98, 0.9816666666666667, 0.9833333333333334, 0.9850000000000001, 0.9866666666666667, 0.9883333333333333, 0.99, 0.9916666666666667, 0.9933333333333334, 0.9950000000000001, 0.9966666666666667, 0.9983333333333333, 1.0]
Vertices : [0.0, 8.333333333333334E-4, 0.0025, 0.004166666666666667, 0.005833333333333334, 0.0075, 0.009166666666666667, 0.010833333333333334, 0.0125, 0.014166666666666668, 0.015833333333333335, 0.0175, 0.019166666666666665, 0.020833333333333336, 0.0225, 0.02416666666666667, 0.025833333333333333, 0.027500000000000004, 0.029166666666666667, 0.030833333333333338, 0.0325, 0.034166666666666665, 0.035833333333333335, 0.037500000000000006, 0.03916666666666667, 0.04083333333333333, 0.0425, 0.044166666666666674, 0.04583333333333334, 0.0475, 0.04916666666666667, 0.05083333333333334, 0.052500000000000005, 0.05416666666666667, 0.05583333333333333, 0.0575, 0.05916666666666667, 0.060833333333333336, 0.0625, 0.06416666666666668, 0.06583333333333333, 0.0675, 0.06916666666666668, 0.07083333333333333, 0.07250000000000001, 0.07416666666666667, 0.07583333333333334, 0.07750000000000001, 0.07916666666666666, 0.08083333333333334, 0.0825, 0.08416666666666667, 0.08583333333333334, 0.0875, 0.08916666666666667, 0.09083333333333335, 0.0925, 0.09416666666666668, 0.09583333333333334, 0.0975, 0.09916666666666668, 0.10083333333333333, 0.10250000000000001, 0.10416666666666669, 0.10583333333333333, 0.10750000000000001, 0.10916666666666666, 0.11083333333333334, 0.11250000000000002, 0.11416666666666667, 0.11583333333333334, 0.11750000000000001, 0.11916666666666667, 0.12083333333333335, 0.1225, 0.12416666666666668, 0.12583333333333335, 0.1275, 0.12916666666666668, 0.13083333333333336, 0.1325, 0.13416666666666666, 0.13583333333333336, 0.1375, 0.13916666666666666, 0.14083333333333334, 0.14250000000000002, 0.14416666666666667, 0.14583333333333334, 0.14750000000000002, 0.14916666666666667, 0.15083333333333335, 0.15250000000000002, 0.15416666666666667, 0.15583333333333332, 0.15750000000000003, 0.15916666666666668, 0.16083333333333333, 0.1625, 0.16416666666666668, 0.16583333333333333, 0.1675, 0.1691666666666667, 0.17083333333333334, 0.17250000000000001, 0.1741666666666667, 0.17583333333333334, 0.1775, 0.1791666666666667, 0.18083333333333335, 0.1825, 0.1841666666666667, 0.18583333333333335, 0.1875, 0.18916666666666668, 0.19083333333333335, 0.1925, 0.19416666666666668, 0.19583333333333336, 0.1975, 0.19916666666666666, 0.20083333333333336, 0.2025, 0.20416666666666666, 0.20583333333333337, 0.20750000000000002, 0.20916666666666667, 0.21083333333333334, 0.21250000000000002, 0.21416666666666667, 0.21583333333333335, 0.21750000000000003, 0.21916666666666668, 0.22083333333333333, 0.22250000000000003, 0.22416666666666668, 0.22583333333333333, 0.22750000000000004, 0.22916666666666669, 0.23083333333333333, 0.2325, 0.2341666666666667, 0.23583333333333334, 0.23750000000000002, 0.2391666666666667, 0.24083333333333334, 0.2425, 0.2441666666666667, 0.24583333333333335, 0.2475, 0.24916666666666668, 0.25083333333333335, 0.25250000000000006, 0.25416666666666665, 0.25583333333333336, 0.25750000000000006, 0.25916666666666666, 0.26083333333333336, 0.2625, 0.26416666666666666, 0.26583333333333337, 0.2675, 0.26916666666666667, 0.27083333333333337, 0.2725, 0.27416666666666667, 0.2758333333333334, 0.2775, 0.2791666666666667, 0.2808333333333334, 0.2825, 0.2841666666666667, 0.2858333333333334, 0.2875, 0.2891666666666667, 0.2908333333333334, 0.2925, 0.2941666666666667, 0.2958333333333334, 0.2975, 0.2991666666666667, 0.3008333333333334, 0.3025, 0.3041666666666667, 0.30583333333333335, 0.3075, 0.3091666666666667, 0.31083333333333335, 0.3125, 0.3141666666666667, 0.31583333333333335, 0.3175, 0.3191666666666667, 0.32083333333333336, 0.3225, 0.3241666666666667, 0.3258333333333333, 0.3275, 0.3291666666666667, 0.3308333333333333, 0.3325, 0.3341666666666667, 0.3358333333333333, 0.3375, 0.3391666666666667, 0.3408333333333333, 0.3425, 0.34416666666666673, 0.3458333333333333, 0.34750000000000003, 0.3491666666666667, 0.35083333333333333, 0.35250000000000004, 0.3541666666666667, 0.35583333333333333, 0.35750000000000004, 0.3591666666666667, 0.36083333333333334, 0.36250000000000004, 0.3641666666666667, 0.36583333333333334, 0.36750000000000005, 0.3691666666666667, 0.37083333333333335, 0.37250000000000005, 0.37416666666666665, 0.37583333333333335, 0.37750000000000006, 0.37916666666666665, 0.38083333333333336, 0.38250000000000006, 0.38416666666666666, 0.38583333333333336, 0.38750000000000007, 0.38916666666666666, 0.39083333333333337, 0.39250000000000007, 0.39416666666666667, 0.39583333333333337, 0.3975, 0.39916666666666667, 0.4008333333333334, 0.4025, 0.4041666666666667, 0.4058333333333334, 0.40750000000000003, 0.4091666666666667, 0.4108333333333334, 0.41250000000000003, 0.4141666666666667, 0.4158333333333334, 0.4175, 0.4191666666666667, 0.4208333333333334, 0.4225, 0.4241666666666667, 0.4258333333333334, 0.4275, 0.4291666666666667, 0.4308333333333334, 0.4325, 0.4341666666666667, 0.4358333333333334, 0.4375, 0.4391666666666667, 0.44083333333333335, 0.4425, 0.4441666666666667, 0.44583333333333336, 0.4475, 0.4491666666666667, 0.45083333333333336, 0.4525, 0.4541666666666667, 0.45583333333333337, 0.4575, 0.4591666666666667, 0.4608333333333333, 0.4625, 0.4641666666666667, 0.4658333333333333, 0.4675, 0.46916666666666673, 0.4708333333333333, 0.47250000000000003, 0.47416666666666674, 0.47583333333333333, 0.47750000000000004, 0.47916666666666674, 0.48083333333333333, 0.48250000000000004, 0.4841666666666667, 0.48583333333333334, 0.48750000000000004, 0.4891666666666667, 0.49083333333333334, 0.49250000000000005, 0.4941666666666667, 0.49583333333333335, 0.49750000000000005, 0.49916666666666665, 0.5008333333333334, 0.5025, 0.5041666666666667, 0.5058333333333334, 0.5075000000000001, 0.5091666666666667, 0.5108333333333334, 0.5125, 0.5141666666666667, 0.5158333333333334, 0.5175000000000001, 0.5191666666666667, 0.5208333333333334, 0.5225, 0.5241666666666667, 0.5258333333333334, 0.5275, 0.5291666666666667, 0.5308333333333333, 0.5325, 0.5341666666666667, 0.5358333333333334, 0.5375, 0.5391666666666667, 0.5408333333333333, 0.5425, 0.5441666666666667, 0.5458333333333334, 0.5475, 0.5491666666666667, 0.5508333333333333, 0.5525, 0.5541666666666667, 0.5558333333333334, 0.5575, 0.5591666666666667, 0.5608333333333333, 0.5625, 0.5641666666666667, 0.5658333333333333, 0.5675, 0.5691666666666667, 0.5708333333333333, 0.5725, 0.5741666666666667, 0.5758333333333333, 0.5775, 0.5791666666666666, 0.5808333333333333, 0.5825, 0.5841666666666667, 0.5858333333333333, 0.5875, 0.5891666666666666, 0.5908333333333333, 0.5925, 0.5941666666666667, 0.5958333333333333, 0.5975, 0.5991666666666666, 0.6008333333333333, 0.6025, 0.6041666666666667, 0.6058333333333333, 0.6075, 0.6091666666666666, 0.6108333333333333, 0.6125, 0.6141666666666666, 0.6158333333333333, 0.6175, 0.6191666666666666, 0.6208333333333333, 0.6225, 0.6241666666666666, 0.6258333333333334, 0.6275000000000001, 0.6291666666666667, 0.6308333333333334, 0.6325000000000001, 0.6341666666666667, 0.6358333333333334, 0.6375, 0.6391666666666667, 0.6408333333333334, 0.6425, 0.6441666666666667, 0.6458333333333334, 0.6475, 0.6491666666666667, 0.6508333333333334, 0.6525, 0.6541666666666667, 0.6558333333333334, 0.6575, 0.6591666666666667, 0.6608333333333334, 0.6625, 0.6641666666666667, 0.6658333333333334, 0.6675, 0.6691666666666667, 0.6708333333333334, 0.6725, 0.6741666666666667, 0.6758333333333333, 0.6775, 0.6791666666666667, 0.6808333333333334, 0.6825, 0.6841666666666667, 0.6858333333333333, 0.6875, 0.6891666666666667, 0.6908333333333333, 0.6925, 0.6941666666666667, 0.6958333333333333, 0.6975, 0.6991666666666667, 0.7008333333333333, 0.7025, 0.7041666666666667, 0.7058333333333333, 0.7075, 0.7091666666666667, 0.7108333333333333, 0.7125, 0.7141666666666667, 0.7158333333333333, 0.7175, 0.7191666666666667, 0.7208333333333333, 0.7225, 0.7241666666666666, 0.7258333333333333, 0.7275, 0.7291666666666667, 0.7308333333333333, 0.7325, 0.7341666666666666, 0.7358333333333333, 0.7375, 0.7391666666666666, 0.7408333333333333, 0.7425, 0.7441666666666666, 0.7458333333333333, 0.7475, 0.7491666666666666, 0.7508333333333334, 0.7525000000000001, 0.7541666666666667, 0.7558333333333334, 0.7575000000000001, 0.7591666666666667, 0.7608333333333334, 0.7625000000000001, 0.7641666666666667, 0.7658333333333334, 0.7675, 0.7691666666666667, 0.7708333333333334, 0.7725000000000001, 0.7741666666666667, 0.7758333333333334, 0.7775, 0.7791666666666667, 0.7808333333333334, 0.7825, 0.7841666666666667, 0.7858333333333334, 0.7875, 0.7891666666666667, 0.7908333333333334, 0.7925, 0.7941666666666667, 0.7958333333333334, 0.7975, 0.7991666666666667, 0.8008333333333334, 0.8025, 0.8041666666666667, 0.8058333333333333, 0.8075, 0.8091666666666667, 0.8108333333333334, 0.8125, 0.8141666666666667, 0.8158333333333333, 0.8175, 0.8191666666666667, 0.8208333333333334, 0.8225, 0.8241666666666667, 0.8258333333333333, 0.8275, 0.8291666666666667, 0.8308333333333333, 0.8325, 0.8341666666666667, 0.8358333333333333, 0.8375, 0.8391666666666667, 0.8408333333333333, 0.8425, 0.8441666666666667, 0.8458333333333333, 0.8475, 0.8491666666666667, 0.8508333333333333, 0.8525, 0.8541666666666666, 0.8558333333333333, 0.8575, 0.8591666666666667, 0.8608333333333333, 0.8625, 0.8641666666666666, 0.8658333333333333, 0.8675, 0.8691666666666668, 0.8708333333333333, 0.8725, 0.8741666666666666, 0.8758333333333334, 0.8775000000000001, 0.8791666666666667, 0.8808333333333334, 0.8825000000000001, 0.8841666666666667, 0.8858333333333334, 0.8875000000000001, 0.8891666666666667, 0.8908333333333334, 0.8925000000000001, 0.8941666666666667, 0.8958333333333334, 0.8975000000000001, 0.8991666666666667, 0.9008333333333334, 0.9025, 0.9041666666666667, 0.9058333333333334, 0.9075000000000001, 0.9091666666666667, 0.9108333333333334, 0.9125, 0.9141666666666667, 0.9158333333333334, 0.9175, 0.9191666666666667, 0.9208333333333334, 0.9225, 0.9241666666666667, 0.9258333333333334, 0.9275, 0.9291666666666667, 0.9308333333333334, 0.9325, 0.9341666666666667, 0.9358333333333334, 0.9375, 0.9391666666666667, 0.9408333333333333, 0.9425, 0.9441666666666667, 0.9458333333333334, 0.9475, 0.9491666666666667, 0.9508333333333333, 0.9525, 0.9541666666666667, 0.9558333333333334, 0.9575, 0.9591666666666667, 0.9608333333333333, 0.9625, 0.9641666666666667, 0.9658333333333333, 0.9675, 0.9691666666666667, 0.9708333333333333, 0.9725, 0.9741666666666667, 0.9758333333333333, 0.9775, 0.9791666666666667, 0.9808333333333333, 0.9825, 0.9841666666666667, 0.9858333333333333, 0.9875, 0.9891666666666666, 0.9908333333333333, 0.9925, 0.9941666666666668, 0.9958333333333333, 0.9975, 0.9991666666666666, 1.0]
Erreur de calcul: 0.0831951388889092
-------------------------------------------------------------
Lambdas : [1.0, 1.0, 1.0, 1.0, 1.0, 2.0, 2.0, 2.0, 2.0, 2.0, 2.0]
Nodes : [0.0, 0.1, 0.2, 0.30000000000000004, 0.4, 0.5, 0.5833333333333334, 0.6666666666666666, 0.75, 0.8333333333333333, 0.9166666666666666, 1.0]
Vertices : [0.0, 0.05, 0.15000000000000002, 0.25, 0.35000000000000003, 0.45, 0.5416666666666667, 0.625, 0.7083333333333333, 0.7916666666666666, 0.875, 0.9583333333333333, 1.0]
Lambdas : [1.0, 1.0, 1.0, 1.0, 1.0, 2.0, 2.0, 2.0, 2.0, 2.0, 2.0]
Nodes : [0.0, 0.1, 0.2, 0.30000000000000004, 0.4, 0.5, 0.5833333333333334, 0.6666666666666666, 0.75, 0.8333333333333333, 0.9166666666666666, 1.0]
Vertices : [0.0, 0.05, 0.15000000000000002, 0.25, 0.35000000000000003, 0.45, 0.5416666666666667, 0.625, 0.7083333333333333, 0.7916666666666666, 0.875, 0.9583333333333333, 1.0]
Lambdas : [1.0, 1.0, 1.0, 1.0, 1.0, 1.0, 1.0, 1.0, 1.0, 1.0, 2.0, 2.0, 2.0, 2.0, 2.0, 2.0, 2.0, 2.0, 2.0, 2.0, 2.0]
Nodes : [0.0, 0.05, 0.1, 0.15000000000000002, 0.2, 0.25, 0.30000000000000004, 0.35000000000000003, 0.4, 0.45, 0.5, 0.5454545454545454, 0.5909090909090909, 0.6363636363636364, 0.6818181818181819, 0.7272727272727273, 0.7727272727272727, 0.8181818181818181, 0.8636363636363636, 0.9090909090909092, 0.9545454545454546, 1.0]
Vertices : [0.0, 0.025, 0.07500000000000001, 0.125, 0.17500000000000002, 0.225, 0.275, 0.32500000000000007, 0.375, 0.42500000000000004, 0.475, 0.5227272727272727, 0.5681818181818181, 0.6136363636363636, 0.6590909090909092, 0.7045454545454546, 0.75, 0.7954545454545454, 0.8409090909090908, 0.8863636363636365, 0.9318181818181819, 0.9772727272727273, 1.0]
Lambdas : [1.0, 1.0, 1.0, 1.0, 1.0, 1.0, 1.0, 1.0, 1.0, 1.0, 2.0, 2.0, 2.0, 2.0, 2.0, 2.0, 2.0, 2.0, 2.0, 2.0, 2.0]
Nodes : [0.0, 0.05, 0.1, 0.15000000000000002, 0.2, 0.25, 0.30000000000000004, 0.35000000000000003, 0.4, 0.45, 0.5, 0.5454545454545454, 0.5909090909090909, 0.6363636363636364, 0.6818181818181819, 0.7272727272727273, 0.7727272727272727, 0.8181818181818181, 0.8636363636363636, 0.9090909090909092, 0.9545454545454546, 1.0]
Vertices : [0.0, 0.025, 0.07500000000000001, 0.125, 0.17500000000000002, 0.225, 0.275, 0.32500000000000007, 0.375, 0.42500000000000004, 0.475, 0.5227272727272727, 0.5681818181818181, 0.6136363636363636, 0.6590909090909092, 0.7045454545454546, 0.75, 0.7954545454545454, 0.8409090909090908, 0.8863636363636365, 0.9318181818181819, 0.9772727272727273, 1.0]
Lambdas : [1.0, 1.0, 1.0, 1.0, 1.0, 1.0, 1.0, 1.0, 1.0, 1.0, 1.0, 1.0, 1.0, 1.0, 1.0, 1.0, 1.0, 1.0, 1.0, 1.0, 2.0, 2.0, 2.0, 2.0, 2.0, 2.0, 2.0, 2.0, 2.0, 2.0, 2.0, 2.0, 2.0, 2.0, 2.0, 2.0, 2.0, 2.0, 2.0, 2.0, 2.0]
Nodes : [0.0, 0.025, 0.05, 0.07500000000000001, 0.1, 0.125, 0.15000000000000002, 0.17500000000000002, 0.2, 0.225, 0.25, 0.275, 0.30000000000000004, 0.325, 0.35000000000000003, 0.375, 0.4, 0.42500000000000004, 0.45, 0.47500000000000003, 0.5, 0.5238095238095238, 0.5476190476190477, 0.5714285714285714, 0.5952380952380952, 0.6190476190476191, 0.6428571428571428, 0.6666666666666666, 0.6904761904761905, 0.7142857142857143, 0.7380952380952381, 0.7619047619047619, 0.7857142857142857, 0.8095238095238095, 0.8333333333333333, 0.8571428571428571, 0.8809523809523809, 0.9047619047619048, 0.9285714285714286, 0.9523809523809523, 0.9761904761904762, 1.0]
Vertices : [0.0, 0.0125, 0.037500000000000006, 0.0625, 0.08750000000000001, 0.1125, 0.1375, 0.16250000000000003, 0.1875, 0.21250000000000002, 0.2375, 0.2625, 0.28750000000000003, 0.3125, 0.3375, 0.36250000000000004, 0.3875, 0.41250000000000003, 0.4375, 0.4625, 0.48750000000000004, 0.5119047619047619, 0.5357142857142858, 0.5595238095238095, 0.5833333333333333, 0.6071428571428572, 0.6309523809523809, 0.6547619047619047, 0.6785714285714286, 0.7023809523809523, 0.7261904761904763, 0.75, 0.7738095238095237, 0.7976190476190477, 0.8214285714285714, 0.8452380952380951, 0.8690476190476191, 0.8928571428571428, 0.9166666666666667, 0.9404761904761905, 0.9642857142857142, 0.9880952380952381, 1.0]
Lambdas : [1.0, 1.0, 1.0, 1.0, 1.0, 1.0, 1.0, 1.0, 1.0, 1.0, 1.0, 1.0, 1.0, 1.0, 1.0, 1.0, 1.0, 1.0, 1.0, 1.0, 2.0, 2.0, 2.0, 2.0, 2.0, 2.0, 2.0, 2.0, 2.0, 2.0, 2.0, 2.0, 2.0, 2.0, 2.0, 2.0, 2.0, 2.0, 2.0, 2.0, 2.0]
Nodes : [0.0, 0.025, 0.05, 0.07500000000000001, 0.1, 0.125, 0.15000000000000002, 0.17500000000000002, 0.2, 0.225, 0.25, 0.275, 0.30000000000000004, 0.325, 0.35000000000000003, 0.375, 0.4, 0.42500000000000004, 0.45, 0.47500000000000003, 0.5, 0.5238095238095238, 0.5476190476190477, 0.5714285714285714, 0.5952380952380952, 0.6190476190476191, 0.6428571428571428, 0.6666666666666666, 0.6904761904761905, 0.7142857142857143, 0.7380952380952381, 0.7619047619047619, 0.7857142857142857, 0.8095238095238095, 0.8333333333333333, 0.8571428571428571, 0.8809523809523809, 0.9047619047619048, 0.9285714285714286, 0.9523809523809523, 0.9761904761904762, 1.0]
Vertices : [0.0, 0.0125, 0.037500000000000006, 0.0625, 0.08750000000000001, 0.1125, 0.1375, 0.16250000000000003, 0.1875, 0.21250000000000002, 0.2375, 0.2625, 0.28750000000000003, 0.3125, 0.3375, 0.36250000000000004, 0.3875, 0.41250000000000003, 0.4375, 0.4625, 0.48750000000000004, 0.5119047619047619, 0.5357142857142858, 0.5595238095238095, 0.5833333333333333, 0.6071428571428572, 0.6309523809523809, 0.6547619047619047, 0.6785714285714286, 0.7023809523809523, 0.7261904761904763, 0.75, 0.7738095238095237, 0.7976190476190477, 0.8214285714285714, 0.8452380952380951, 0.8690476190476191, 0.8928571428571428, 0.9166666666666667, 0.9404761904761905, 0.9642857142857142, 0.9880952380952381, 1.0]
Lambdas : [1.0, 1.0, 1.0, 1.0, 1.0, 1.0, 1.0, 1.0, 1.0, 1.0, 1.0, 1.0, 1.0, 1.0, 1.0, 1.0, 1.0, 1.0, 1.0, 1.0, 1.0, 1.0, 1.0, 1.0, 1.0, 1.0, 1.0, 1.0, 1.0, 1.0, 1.0, 1.0, 1.0, 1.0, 1.0, 1.0, 1.0, 1.0, 1.0, 1.0, 2.0, 2.0, 2.0, 2.0, 2.0, 2.0, 2.0, 2.0, 2.0, 2.0, 2.0, 2.0, 2.0, 2.0, 2.0, 2.0, 2.0, 2.0, 2.0, 2.0, 2.0, 2.0, 2.0, 2.0, 2.0, 2.0, 2.0, 2.0, 2.0, 2.0, 2.0, 2.0, 2.0, 2.0, 2.0, 2.0, 2.0, 2.0, 2.0, 2.0, 2.0]
Nodes : [0.0, 0.0125, 0.025, 0.037500000000000006, 0.05, 0.0625, 0.07500000000000001, 0.08750000000000001, 0.1, 0.1125, 0.125, 0.1375, 0.15000000000000002, 0.1625, 0.17500000000000002, 0.1875, 0.2, 0.21250000000000002, 0.225, 0.23750000000000002, 0.25, 0.2625, 0.275, 0.28750000000000003, 0.30000000000000004, 0.3125, 0.325, 0.3375, 0.35000000000000003, 0.36250000000000004, 0.375, 0.3875, 0.4, 0.41250000000000003, 0.42500000000000004, 0.4375, 0.45, 0.4625, 0.47500000000000003, 0.48750000000000004, 0.5, 0.5121951219512195, 0.524390243902439, 0.5365853658536586, 0.5487804878048781, 0.5609756097560976, 0.5731707317073171, 0.5853658536585366, 0.5975609756097561, 0.6097560975609756, 0.6219512195121951, 0.6341463414634146, 0.6463414634146342, 0.6585365853658537, 0.6707317073170732, 0.6829268292682926, 0.6951219512195121, 0.7073170731707317, 0.7195121951219512, 0.7317073170731707, 0.7439024390243902, 0.7560975609756098, 0.7682926829268293, 0.7804878048780488, 0.7926829268292683, 0.8048780487804879, 0.8170731707317074, 0.8292682926829269, 0.8414634146341464, 0.853658536585366, 0.8658536585365854, 0.8780487804878049, 0.8902439024390244, 0.9024390243902439, 0.9146341463414634, 0.9268292682926829, 0.9390243902439024, 0.9512195121951219, 0.9634146341463414, 0.975609756097561, 0.9878048780487805, 1.0]
Vertices : [0.0, 0.00625, 0.018750000000000003, 0.03125, 0.043750000000000004, 0.05625, 0.06875, 0.08125000000000002, 0.09375, 0.10625000000000001, 0.11875, 0.13125, 0.14375000000000002, 0.15625, 0.16875, 0.18125000000000002, 0.19375, 0.20625000000000002, 0.21875, 0.23125, 0.24375000000000002, 0.25625, 0.26875000000000004, 0.28125, 0.29375000000000007, 0.30625, 0.31875, 0.33125000000000004, 0.34375, 0.35625000000000007, 0.36875, 0.38125, 0.39375000000000004, 0.40625, 0.41875000000000007, 0.43125, 0.44375, 0.45625000000000004, 0.46875, 0.48125000000000007, 0.49375, 0.5060975609756098, 0.5182926829268293, 0.5304878048780488, 0.5426829268292683, 0.5548780487804879, 0.5670731707317074, 0.5792682926829269, 0.5914634146341463, 0.6036585365853658, 0.6158536585365854, 0.6280487804878049, 0.6402439024390244, 0.6524390243902439, 0.6646341463414634, 0.6768292682926829, 0.6890243902439024, 0.7012195121951219, 0.7134146341463414, 0.725609756097561, 0.7378048780487805, 0.75, 0.7621951219512195, 0.774390243902439, 0.7865853658536586, 0.7987804878048781, 0.8109756097560976, 0.8231707317073171, 0.8353658536585367, 0.8475609756097562, 0.8597560975609757, 0.8719512195121951, 0.8841463414634146, 0.8963414634146342, 0.9085365853658537, 0.9207317073170731, 0.9329268292682926, 0.9451219512195121, 0.9573170731707317, 0.9695121951219512, 0.9817073170731707, 0.9939024390243902, 1.0]
Lambdas : [1.0, 1.0, 1.0, 1.0, 1.0, 1.0, 1.0, 1.0, 1.0, 1.0, 1.0, 1.0, 1.0, 1.0, 1.0, 1.0, 1.0, 1.0, 1.0, 1.0, 1.0, 1.0, 1.0, 1.0, 1.0, 1.0, 1.0, 1.0, 1.0, 1.0, 1.0, 1.0, 1.0, 1.0, 1.0, 1.0, 1.0, 1.0, 1.0, 1.0, 2.0, 2.0, 2.0, 2.0, 2.0, 2.0, 2.0, 2.0, 2.0, 2.0, 2.0, 2.0, 2.0, 2.0, 2.0, 2.0, 2.0, 2.0, 2.0, 2.0, 2.0, 2.0, 2.0, 2.0, 2.0, 2.0, 2.0, 2.0, 2.0, 2.0, 2.0, 2.0, 2.0, 2.0, 2.0, 2.0, 2.0, 2.0, 2.0, 2.0, 2.0]
Nodes : [0.0, 0.0125, 0.025, 0.037500000000000006, 0.05, 0.0625, 0.07500000000000001, 0.08750000000000001, 0.1, 0.1125, 0.125, 0.1375, 0.15000000000000002, 0.1625, 0.17500000000000002, 0.1875, 0.2, 0.21250000000000002, 0.225, 0.23750000000000002, 0.25, 0.2625, 0.275, 0.28750000000000003, 0.30000000000000004, 0.3125, 0.325, 0.3375, 0.35000000000000003, 0.36250000000000004, 0.375, 0.3875, 0.4, 0.41250000000000003, 0.42500000000000004, 0.4375, 0.45, 0.4625, 0.47500000000000003, 0.48750000000000004, 0.5, 0.5121951219512195, 0.524390243902439, 0.5365853658536586, 0.5487804878048781, 0.5609756097560976, 0.5731707317073171, 0.5853658536585366, 0.5975609756097561, 0.6097560975609756, 0.6219512195121951, 0.6341463414634146, 0.6463414634146342, 0.6585365853658537, 0.6707317073170732, 0.6829268292682926, 0.6951219512195121, 0.7073170731707317, 0.7195121951219512, 0.7317073170731707, 0.7439024390243902, 0.7560975609756098, 0.7682926829268293, 0.7804878048780488, 0.7926829268292683, 0.8048780487804879, 0.8170731707317074, 0.8292682926829269, 0.8414634146341464, 0.853658536585366, 0.8658536585365854, 0.8780487804878049, 0.8902439024390244, 0.9024390243902439, 0.9146341463414634, 0.9268292682926829, 0.9390243902439024, 0.9512195121951219, 0.9634146341463414, 0.975609756097561, 0.9878048780487805, 1.0]
Vertices : [0.0, 0.00625, 0.018750000000000003, 0.03125, 0.043750000000000004, 0.05625, 0.06875, 0.08125000000000002, 0.09375, 0.10625000000000001, 0.11875, 0.13125, 0.14375000000000002, 0.15625, 0.16875, 0.18125000000000002, 0.19375, 0.20625000000000002, 0.21875, 0.23125, 0.24375000000000002, 0.25625, 0.26875000000000004, 0.28125, 0.29375000000000007, 0.30625, 0.31875, 0.33125000000000004, 0.34375, 0.35625000000000007, 0.36875, 0.38125, 0.39375000000000004, 0.40625, 0.41875000000000007, 0.43125, 0.44375, 0.45625000000000004, 0.46875, 0.48125000000000007, 0.49375, 0.5060975609756098, 0.5182926829268293, 0.5304878048780488, 0.5426829268292683, 0.5548780487804879, 0.5670731707317074, 0.5792682926829269, 0.5914634146341463, 0.6036585365853658, 0.6158536585365854, 0.6280487804878049, 0.6402439024390244, 0.6524390243902439, 0.6646341463414634, 0.6768292682926829, 0.6890243902439024, 0.7012195121951219, 0.7134146341463414, 0.725609756097561, 0.7378048780487805, 0.75, 0.7621951219512195, 0.774390243902439, 0.7865853658536586, 0.7987804878048781, 0.8109756097560976, 0.8231707317073171, 0.8353658536585367, 0.8475609756097562, 0.8597560975609757, 0.8719512195121951, 0.8841463414634146, 0.8963414634146342, 0.9085365853658537, 0.9207317073170731, 0.9329268292682926, 0.9451219512195121, 0.9573170731707317, 0.9695121951219512, 0.9817073170731707, 0.9939024390243902, 1.0]
Lambdas : [1.0, 1.0, 1.0, 1.0, 1.0, 1.0, 1.0, 1.0, 1.0, 1.0, 1.0, 1.0, 1.0, 1.0, 1.0, 1.0, 1.0, 1.0, 1.0, 1.0, 1.0, 1.0, 1.0, 1.0, 1.0, 1.0, 1.0, 1.0, 1.0, 1.0, 1.0, 1.0, 1.0, 1.0, 1.0, 1.0, 1.0, 1.0, 1.0, 1.0, 1.0, 1.0, 1.0, 1.0, 1.0, 1.0, 1.0, 1.0, 1.0, 1.0, 1.0, 1.0, 1.0, 1.0, 1.0, 1.0, 1.0, 1.0, 1.0, 1.0, 1.0, 1.0, 1.0, 1.0, 1.0, 1.0, 1.0, 1.0, 1.0, 1.0, 1.0, 1.0, 1.0, 1.0, 1.0, 1.0, 1.0, 1.0, 1.0, 1.0, 2.0, 2.0, 2.0, 2.0, 2.0, 2.0, 2.0, 2.0, 2.0, 2.0, 2.0, 2.0, 2.0, 2.0, 2.0, 2.0, 2.0, 2.0, 2.0, 2.0, 2.0, 2.0, 2.0, 2.0, 2.0, 2.0, 2.0, 2.0, 2.0, 2.0, 2.0, 2.0, 2.0, 2.0, 2.0, 2.0, 2.0, 2.0, 2.0, 2.0, 2.0, 2.0, 2.0, 2.0, 2.0, 2.0, 2.0, 2.0, 2.0, 2.0, 2.0, 2.0, 2.0, 2.0, 2.0, 2.0, 2.0, 2.0, 2.0, 2.0, 2.0, 2.0, 2.0, 2.0, 2.0, 2.0, 2.0, 2.0, 2.0, 2.0, 2.0, 2.0, 2.0, 2.0, 2.0, 2.0, 2.0, 2.0, 2.0, 2.0, 2.0]
Nodes : [0.0, 0.00625, 0.0125, 0.018750000000000003, 0.025, 0.03125, 0.037500000000000006, 0.043750000000000004, 0.05, 0.05625, 0.0625, 0.06875, 0.07500000000000001, 0.08125, 0.08750000000000001, 0.09375, 0.1, 0.10625000000000001, 0.1125, 0.11875000000000001, 0.125, 0.13125, 0.1375, 0.14375000000000002, 0.15000000000000002, 0.15625, 0.1625, 0.16875, 0.17500000000000002, 0.18125000000000002, 0.1875, 0.19375, 0.2, 0.20625000000000002, 0.21250000000000002, 0.21875, 0.225, 0.23125, 0.23750000000000002, 0.24375000000000002, 0.25, 0.25625000000000003, 0.2625, 0.26875, 0.275, 0.28125, 0.28750000000000003, 0.29375, 0.30000000000000004, 0.30625, 0.3125, 0.31875000000000003, 0.325, 0.33125000000000004, 0.3375, 0.34375, 0.35000000000000003, 0.35625, 0.36250000000000004, 0.36875, 0.375, 0.38125000000000003, 0.3875, 0.39375000000000004, 0.4, 0.40625, 0.41250000000000003, 0.41875, 0.42500000000000004, 0.43125, 0.4375, 0.44375000000000003, 0.45, 0.45625000000000004, 0.4625, 0.46875, 0.47500000000000003, 0.48125, 0.48750000000000004, 0.49375, 0.5, 0.5061728395061729, 0.5123456790123457, 0.5185185185185185, 0.5246913580246914, 0.5308641975308642, 0.537037037037037, 0.5432098765432098, 0.5493827160493827, 0.5555555555555556, 0.5617283950617284, 0.5679012345679012, 0.5740740740740741, 0.5802469135802469, 0.5864197530864197, 0.5925925925925926, 0.5987654320987654, 0.6049382716049383, 0.6111111111111112, 0.6172839506172839, 0.6234567901234568, 0.6296296296296297, 0.6358024691358024, 0.6419753086419753, 0.6481481481481481, 0.654320987654321, 0.6604938271604939, 0.6666666666666666, 0.6728395061728395, 0.6790123456790124, 0.6851851851851851, 0.691358024691358, 0.6975308641975309, 0.7037037037037037, 0.7098765432098766, 0.7160493827160493, 0.7222222222222222, 0.7283950617283951, 0.7345679012345678, 0.7407407407407407, 0.7469135802469136, 0.7530864197530864, 0.7592592592592593, 0.7654320987654321, 0.7716049382716049, 0.7777777777777778, 0.7839506172839505, 0.7901234567901234, 0.7962962962962963, 0.8024691358024691, 0.808641975308642, 0.8148148148148148, 0.8209876543209876, 0.8271604938271605, 0.8333333333333333, 0.8395061728395061, 0.845679012345679, 0.8518518518518519, 0.8580246913580247, 0.8641975308641975, 0.8703703703703703, 0.8765432098765432, 0.882716049382716, 0.8888888888888888, 0.8950617283950617, 0.9012345679012346, 0.9074074074074074, 0.9135802469135802, 0.9197530864197531, 0.9259259259259259, 0.9320987654320987, 0.9382716049382716, 0.9444444444444444, 0.9506172839506173, 0.9567901234567902, 0.9629629629629629, 0.9691358024691358, 0.9753086419753086, 0.9814814814814814, 0.9876543209876543, 0.9938271604938271, 1.0]
Vertices : [0.0, 0.003125, 0.009375000000000001, 0.015625, 0.021875000000000002, 0.028125, 0.034375, 0.04062500000000001, 0.046875, 0.053125000000000006, 0.059375, 0.065625, 0.07187500000000001, 0.078125, 0.084375, 0.09062500000000001, 0.096875, 0.10312500000000001, 0.109375, 0.115625, 0.12187500000000001, 0.128125, 0.13437500000000002, 0.140625, 0.14687500000000003, 0.153125, 0.159375, 0.16562500000000002, 0.171875, 0.17812500000000003, 0.184375, 0.190625, 0.19687500000000002, 0.203125, 0.20937500000000003, 0.215625, 0.221875, 0.22812500000000002, 0.234375, 0.24062500000000003, 0.246875, 0.25312500000000004, 0.259375, 0.265625, 0.271875, 0.278125, 0.28437500000000004, 0.290625, 0.296875, 0.30312500000000003, 0.309375, 0.31562500000000004, 0.321875, 0.328125, 0.33437500000000003, 0.340625, 0.34687500000000004, 0.353125, 0.359375, 0.36562500000000003, 0.371875, 0.37812500000000004, 0.384375, 0.390625, 0.39687500000000003, 0.403125, 0.40937500000000004, 0.415625, 0.421875, 0.42812500000000003, 0.434375, 0.44062500000000004, 0.446875, 0.453125, 0.45937500000000003, 0.465625, 0.47187500000000004, 0.478125, 0.484375, 0.49062500000000003, 0.496875, 0.5030864197530864, 0.5092592592592593, 0.5154320987654322, 0.5216049382716049, 0.5277777777777778, 0.5339506172839505, 0.5401234567901234, 0.5462962962962963, 0.5524691358024691, 0.558641975308642, 0.5648148148148149, 0.5709876543209876, 0.5771604938271605, 0.5833333333333333, 0.5895061728395061, 0.595679012345679, 0.6018518518518519, 0.6080246913580247, 0.6141975308641976, 0.6203703703703703, 0.6265432098765432, 0.632716049382716, 0.6388888888888888, 0.6450617283950617, 0.6512345679012346, 0.6574074074074074, 0.6635802469135803, 0.6697530864197531, 0.6759259259259259, 0.6820987654320987, 0.6882716049382716, 0.6944444444444444, 0.7006172839506173, 0.7067901234567902, 0.712962962962963, 0.7191358024691358, 0.7253086419753086, 0.7314814814814814, 0.7376543209876543, 0.7438271604938271, 0.75, 0.7561728395061729, 0.7623456790123457, 0.7685185185185185, 0.7746913580246914, 0.7808641975308641, 0.787037037037037, 0.7932098765432098, 0.7993827160493827, 0.8055555555555556, 0.8117283950617284, 0.8179012345679012, 0.8240740740740741, 0.8302469135802468, 0.8364197530864197, 0.8425925925925926, 0.8487654320987654, 0.8549382716049383, 0.8611111111111112, 0.8672839506172839, 0.8734567901234568, 0.8796296296296295, 0.8858024691358024, 0.8919753086419753, 0.8981481481481481, 0.904320987654321, 0.9104938271604939, 0.9166666666666666, 0.9228395061728395, 0.9290123456790123, 0.9351851851851851, 0.941358024691358, 0.9475308641975309, 0.9537037037037037, 0.9598765432098766, 0.9660493827160493, 0.9722222222222222, 0.978395061728395, 0.9845679012345678, 0.9907407407407407, 0.9969135802469136, 1.0]
Lambdas : [1.0, 1.0, 1.0, 1.0, 1.0, 1.0, 1.0, 1.0, 1.0, 1.0, 1.0, 1.0, 1.0, 1.0, 1.0, 1.0, 1.0, 1.0, 1.0, 1.0, 1.0, 1.0, 1.0, 1.0, 1.0, 1.0, 1.0, 1.0, 1.0, 1.0, 1.0, 1.0, 1.0, 1.0, 1.0, 1.0, 1.0, 1.0, 1.0, 1.0, 1.0, 1.0, 1.0, 1.0, 1.0, 1.0, 1.0, 1.0, 1.0, 1.0, 1.0, 1.0, 1.0, 1.0, 1.0, 1.0, 1.0, 1.0, 1.0, 1.0, 1.0, 1.0, 1.0, 1.0, 1.0, 1.0, 1.0, 1.0, 1.0, 1.0, 1.0, 1.0, 1.0, 1.0, 1.0, 1.0, 1.0, 1.0, 1.0, 1.0, 2.0, 2.0, 2.0, 2.0, 2.0, 2.0, 2.0, 2.0, 2.0, 2.0, 2.0, 2.0, 2.0, 2.0, 2.0, 2.0, 2.0, 2.0, 2.0, 2.0, 2.0, 2.0, 2.0, 2.0, 2.0, 2.0, 2.0, 2.0, 2.0, 2.0, 2.0, 2.0, 2.0, 2.0, 2.0, 2.0, 2.0, 2.0, 2.0, 2.0, 2.0, 2.0, 2.0, 2.0, 2.0, 2.0, 2.0, 2.0, 2.0, 2.0, 2.0, 2.0, 2.0, 2.0, 2.0, 2.0, 2.0, 2.0, 2.0, 2.0, 2.0, 2.0, 2.0, 2.0, 2.0, 2.0, 2.0, 2.0, 2.0, 2.0, 2.0, 2.0, 2.0, 2.0, 2.0, 2.0, 2.0, 2.0, 2.0, 2.0, 2.0]
Nodes : [0.0, 0.00625, 0.0125, 0.018750000000000003, 0.025, 0.03125, 0.037500000000000006, 0.043750000000000004, 0.05, 0.05625, 0.0625, 0.06875, 0.07500000000000001, 0.08125, 0.08750000000000001, 0.09375, 0.1, 0.10625000000000001, 0.1125, 0.11875000000000001, 0.125, 0.13125, 0.1375, 0.14375000000000002, 0.15000000000000002, 0.15625, 0.1625, 0.16875, 0.17500000000000002, 0.18125000000000002, 0.1875, 0.19375, 0.2, 0.20625000000000002, 0.21250000000000002, 0.21875, 0.225, 0.23125, 0.23750000000000002, 0.24375000000000002, 0.25, 0.25625000000000003, 0.2625, 0.26875, 0.275, 0.28125, 0.28750000000000003, 0.29375, 0.30000000000000004, 0.30625, 0.3125, 0.31875000000000003, 0.325, 0.33125000000000004, 0.3375, 0.34375, 0.35000000000000003, 0.35625, 0.36250000000000004, 0.36875, 0.375, 0.38125000000000003, 0.3875, 0.39375000000000004, 0.4, 0.40625, 0.41250000000000003, 0.41875, 0.42500000000000004, 0.43125, 0.4375, 0.44375000000000003, 0.45, 0.45625000000000004, 0.4625, 0.46875, 0.47500000000000003, 0.48125, 0.48750000000000004, 0.49375, 0.5, 0.5061728395061729, 0.5123456790123457, 0.5185185185185185, 0.5246913580246914, 0.5308641975308642, 0.537037037037037, 0.5432098765432098, 0.5493827160493827, 0.5555555555555556, 0.5617283950617284, 0.5679012345679012, 0.5740740740740741, 0.5802469135802469, 0.5864197530864197, 0.5925925925925926, 0.5987654320987654, 0.6049382716049383, 0.6111111111111112, 0.6172839506172839, 0.6234567901234568, 0.6296296296296297, 0.6358024691358024, 0.6419753086419753, 0.6481481481481481, 0.654320987654321, 0.6604938271604939, 0.6666666666666666, 0.6728395061728395, 0.6790123456790124, 0.6851851851851851, 0.691358024691358, 0.6975308641975309, 0.7037037037037037, 0.7098765432098766, 0.7160493827160493, 0.7222222222222222, 0.7283950617283951, 0.7345679012345678, 0.7407407407407407, 0.7469135802469136, 0.7530864197530864, 0.7592592592592593, 0.7654320987654321, 0.7716049382716049, 0.7777777777777778, 0.7839506172839505, 0.7901234567901234, 0.7962962962962963, 0.8024691358024691, 0.808641975308642, 0.8148148148148148, 0.8209876543209876, 0.8271604938271605, 0.8333333333333333, 0.8395061728395061, 0.845679012345679, 0.8518518518518519, 0.8580246913580247, 0.8641975308641975, 0.8703703703703703, 0.8765432098765432, 0.882716049382716, 0.8888888888888888, 0.8950617283950617, 0.9012345679012346, 0.9074074074074074, 0.9135802469135802, 0.9197530864197531, 0.9259259259259259, 0.9320987654320987, 0.9382716049382716, 0.9444444444444444, 0.9506172839506173, 0.9567901234567902, 0.9629629629629629, 0.9691358024691358, 0.9753086419753086, 0.9814814814814814, 0.9876543209876543, 0.9938271604938271, 1.0]
Vertices : [0.0, 0.003125, 0.009375000000000001, 0.015625, 0.021875000000000002, 0.028125, 0.034375, 0.04062500000000001, 0.046875, 0.053125000000000006, 0.059375, 0.065625, 0.07187500000000001, 0.078125, 0.084375, 0.09062500000000001, 0.096875, 0.10312500000000001, 0.109375, 0.115625, 0.12187500000000001, 0.128125, 0.13437500000000002, 0.140625, 0.14687500000000003, 0.153125, 0.159375, 0.16562500000000002, 0.171875, 0.17812500000000003, 0.184375, 0.190625, 0.19687500000000002, 0.203125, 0.20937500000000003, 0.215625, 0.221875, 0.22812500000000002, 0.234375, 0.24062500000000003, 0.246875, 0.25312500000000004, 0.259375, 0.265625, 0.271875, 0.278125, 0.28437500000000004, 0.290625, 0.296875, 0.30312500000000003, 0.309375, 0.31562500000000004, 0.321875, 0.328125, 0.33437500000000003, 0.340625, 0.34687500000000004, 0.353125, 0.359375, 0.36562500000000003, 0.371875, 0.37812500000000004, 0.384375, 0.390625, 0.39687500000000003, 0.403125, 0.40937500000000004, 0.415625, 0.421875, 0.42812500000000003, 0.434375, 0.44062500000000004, 0.446875, 0.453125, 0.45937500000000003, 0.465625, 0.47187500000000004, 0.478125, 0.484375, 0.49062500000000003, 0.496875, 0.5030864197530864, 0.5092592592592593, 0.5154320987654322, 0.5216049382716049, 0.5277777777777778, 0.5339506172839505, 0.5401234567901234, 0.5462962962962963, 0.5524691358024691, 0.558641975308642, 0.5648148148148149, 0.5709876543209876, 0.5771604938271605, 0.5833333333333333, 0.5895061728395061, 0.595679012345679, 0.6018518518518519, 0.6080246913580247, 0.6141975308641976, 0.6203703703703703, 0.6265432098765432, 0.632716049382716, 0.6388888888888888, 0.6450617283950617, 0.6512345679012346, 0.6574074074074074, 0.6635802469135803, 0.6697530864197531, 0.6759259259259259, 0.6820987654320987, 0.6882716049382716, 0.6944444444444444, 0.7006172839506173, 0.7067901234567902, 0.712962962962963, 0.7191358024691358, 0.7253086419753086, 0.7314814814814814, 0.7376543209876543, 0.7438271604938271, 0.75, 0.7561728395061729, 0.7623456790123457, 0.7685185185185185, 0.7746913580246914, 0.7808641975308641, 0.787037037037037, 0.7932098765432098, 0.7993827160493827, 0.8055555555555556, 0.8117283950617284, 0.8179012345679012, 0.8240740740740741, 0.8302469135802468, 0.8364197530864197, 0.8425925925925926, 0.8487654320987654, 0.8549382716049383, 0.8611111111111112, 0.8672839506172839, 0.8734567901234568, 0.8796296296296295, 0.8858024691358024, 0.8919753086419753, 0.8981481481481481, 0.904320987654321, 0.9104938271604939, 0.9166666666666666, 0.9228395061728395, 0.9290123456790123, 0.9351851851851851, 0.941358024691358, 0.9475308641975309, 0.9537037037037037, 0.9598765432098766, 0.9660493827160493, 0.9722222222222222, 0.978395061728395, 0.9845679012345678, 0.9907407407407407, 0.9969135802469136, 1.0]
Lambdas : [1.0, 1.0, 1.0, 1.0, 1.0, 1.0, 1.0, 1.0, 1.0, 1.0, 1.0, 1.0, 1.0, 1.0, 1.0, 1.0, 1.0, 1.0, 1.0, 1.0, 1.0, 1.0, 1.0, 1.0, 1.0, 1.0, 1.0, 1.0, 1.0, 1.0, 1.0, 1.0, 1.0, 1.0, 1.0, 1.0, 1.0, 1.0, 1.0, 1.0, 1.0, 1.0, 1.0, 1.0, 1.0, 1.0, 1.0, 1.0, 1.0, 1.0, 1.0, 1.0, 1.0, 1.0, 1.0, 1.0, 1.0, 1.0, 1.0, 1.0, 1.0, 1.0, 1.0, 1.0, 1.0, 1.0, 1.0, 1.0, 1.0, 1.0, 1.0, 1.0, 1.0, 1.0, 1.0, 1.0, 1.0, 1.0, 1.0, 1.0, 1.0, 1.0, 1.0, 1.0, 1.0, 1.0, 1.0, 1.0, 1.0, 1.0, 1.0, 1.0, 1.0, 1.0, 1.0, 1.0, 1.0, 1.0, 1.0, 1.0, 1.0, 1.0, 1.0, 1.0, 1.0, 1.0, 1.0, 1.0, 1.0, 1.0, 1.0, 1.0, 1.0, 1.0, 1.0, 1.0, 1.0, 1.0, 1.0, 1.0, 1.0, 1.0, 1.0, 1.0, 1.0, 1.0, 1.0, 1.0, 1.0, 1.0, 1.0, 1.0, 1.0, 1.0, 1.0, 1.0, 1.0, 1.0, 1.0, 1.0, 1.0, 1.0, 1.0, 1.0, 1.0, 1.0, 1.0, 1.0, 1.0, 1.0, 1.0, 1.0, 1.0, 1.0, 1.0, 1.0, 1.0, 1.0, 1.0, 1.0, 2.0, 2.0, 2.0, 2.0, 2.0, 2.0, 2.0, 2.0, 2.0, 2.0, 2.0, 2.0, 2.0, 2.0, 2.0, 2.0, 2.0, 2.0, 2.0, 2.0, 2.0, 2.0, 2.0, 2.0, 2.0, 2.0, 2.0, 2.0, 2.0, 2.0, 2.0, 2.0, 2.0, 2.0, 2.0, 2.0, 2.0, 2.0, 2.0, 2.0, 2.0, 2.0, 2.0, 2.0, 2.0, 2.0, 2.0, 2.0, 2.0, 2.0, 2.0, 2.0, 2.0, 2.0, 2.0, 2.0, 2.0, 2.0, 2.0, 2.0, 2.0, 2.0, 2.0, 2.0, 2.0, 2.0, 2.0, 2.0, 2.0, 2.0, 2.0, 2.0, 2.0, 2.0, 2.0, 2.0, 2.0, 2.0, 2.0, 2.0, 2.0, 2.0, 2.0, 2.0, 2.0, 2.0, 2.0, 2.0, 2.0, 2.0, 2.0, 2.0, 2.0, 2.0, 2.0, 2.0, 2.0, 2.0, 2.0, 2.0, 2.0, 2.0, 2.0, 2.0, 2.0, 2.0, 2.0, 2.0, 2.0, 2.0, 2.0, 2.0, 2.0, 2.0, 2.0, 2.0, 2.0, 2.0, 2.0, 2.0, 2.0, 2.0, 2.0, 2.0, 2.0, 2.0, 2.0, 2.0, 2.0, 2.0, 2.0, 2.0, 2.0, 2.0, 2.0, 2.0, 2.0, 2.0, 2.0, 2.0, 2.0, 2.0, 2.0, 2.0, 2.0, 2.0, 2.0, 2.0, 2.0, 2.0, 2.0, 2.0, 2.0, 2.0, 2.0, 2.0, 2.0, 2.0, 2.0, 2.0, 2.0]
Nodes : [0.0, 0.003125, 0.00625, 0.009375000000000001, 0.0125, 0.015625, 0.018750000000000003, 0.021875000000000002, 0.025, 0.028125, 0.03125, 0.034375, 0.037500000000000006, 0.040625, 0.043750000000000004, 0.046875, 0.05, 0.053125000000000006, 0.05625, 0.059375000000000004, 0.0625, 0.065625, 0.06875, 0.07187500000000001, 0.07500000000000001, 0.078125, 0.08125, 0.084375, 0.08750000000000001, 0.09062500000000001, 0.09375, 0.096875, 0.1, 0.10312500000000001, 0.10625000000000001, 0.109375, 0.1125, 0.115625, 0.11875000000000001, 0.12187500000000001, 0.125, 0.12812500000000002, 0.13125, 0.134375, 0.1375, 0.140625, 0.14375000000000002, 0.146875, 0.15000000000000002, 0.153125, 0.15625, 0.15937500000000002, 0.1625, 0.16562500000000002, 0.16875, 0.171875, 0.17500000000000002, 0.178125, 0.18125000000000002, 0.184375, 0.1875, 0.19062500000000002, 0.19375, 0.19687500000000002, 0.2, 0.203125, 0.20625000000000002, 0.209375, 0.21250000000000002, 0.215625, 0.21875, 0.22187500000000002, 0.225, 0.22812500000000002, 0.23125, 0.234375, 0.23750000000000002, 0.240625, 0.24375000000000002, 0.246875, 0.25, 0.253125, 0.25625000000000003, 0.259375, 0.2625, 0.265625, 0.26875, 0.27187500000000003, 0.275, 0.278125, 0.28125, 0.284375, 0.28750000000000003, 0.290625, 0.29375, 0.296875, 0.30000000000000004, 0.30312500000000003, 0.30625, 0.309375, 0.3125, 0.31562500000000004, 0.31875000000000003, 0.321875, 0.325, 0.328125, 0.33125000000000004, 0.33437500000000003, 0.3375, 0.340625, 0.34375, 0.34687500000000004, 0.35000000000000003, 0.353125, 0.35625, 0.359375, 0.36250000000000004, 0.36562500000000003, 0.36875, 0.371875, 0.375, 0.37812500000000004, 0.38125000000000003, 0.384375, 0.3875, 0.390625, 0.39375000000000004, 0.39687500000000003, 0.4, 0.403125, 0.40625, 0.40937500000000004, 0.41250000000000003, 0.415625, 0.41875, 0.421875, 0.42500000000000004, 0.42812500000000003, 0.43125, 0.434375, 0.4375, 0.44062500000000004, 0.44375000000000003, 0.446875, 0.45, 0.453125, 0.45625000000000004, 0.45937500000000003, 0.4625, 0.465625, 0.46875, 0.47187500000000004, 0.47500000000000003, 0.478125, 0.48125, 0.484375, 0.48750000000000004, 0.49062500000000003, 0.49375, 0.496875, 0.5, 0.5031055900621118, 0.5062111801242236, 0.5093167701863354, 0.5124223602484472, 0.515527950310559, 0.5186335403726708, 0.5217391304347826, 0.5248447204968945, 0.5279503105590062, 0.531055900621118, 0.5341614906832298, 0.5372670807453416, 0.5403726708074534, 0.5434782608695652, 0.546583850931677, 0.5496894409937888, 0.5527950310559007, 0.5559006211180124, 0.5590062111801242, 0.562111801242236, 0.5652173913043478, 0.5683229813664596, 0.5714285714285714, 0.5745341614906833, 0.577639751552795, 0.5807453416149069, 0.5838509316770186, 0.5869565217391304, 0.5900621118012422, 0.593167701863354, 0.5962732919254659, 0.5993788819875776, 0.6024844720496895, 0.6055900621118012, 0.6086956521739131, 0.6118012422360248, 0.6149068322981366, 0.6180124223602484, 0.6211180124223602, 0.6242236024844721, 0.6273291925465838, 0.6304347826086957, 0.6335403726708074, 0.6366459627329193, 0.639751552795031, 0.6428571428571428, 0.6459627329192547, 0.6490683229813665, 0.6521739130434783, 0.65527950310559, 0.6583850931677019, 0.6614906832298136, 0.6645962732919255, 0.6677018633540373, 0.670807453416149, 0.6739130434782609, 0.6770186335403727, 0.6801242236024845, 0.6832298136645962, 0.6863354037267081, 0.6894409937888198, 0.6925465838509317, 0.6956521739130435, 0.6987577639751552, 0.7018633540372671, 0.7049689440993789, 0.7080745341614907, 0.7111801242236024, 0.7142857142857143, 0.717391304347826, 0.7204968944099379, 0.7236024844720497, 0.7267080745341614, 0.7298136645962733, 0.7329192546583851, 0.7360248447204969, 0.7391304347826086, 0.7422360248447205, 0.7453416149068323, 0.7484472049689441, 0.7515527950310559, 0.7546583850931676, 0.7577639751552795, 0.7608695652173914, 0.7639751552795031, 0.7670807453416149, 0.7701863354037266, 0.7732919254658385, 0.7763975155279503, 0.7795031055900621, 0.7826086956521738, 0.7857142857142857, 0.7888198757763976, 0.7919254658385093, 0.7950310559006211, 0.7981366459627329, 0.8012422360248447, 0.8043478260869565, 0.8074534161490683, 0.81055900621118, 0.8136645962732919, 0.8167701863354038, 0.8198757763975155, 0.8229813664596273, 0.8260869565217391, 0.8291925465838509, 0.8322981366459627, 0.8354037267080745, 0.8385093167701863, 0.8416149068322981, 0.84472049689441, 0.8478260869565217, 0.8509316770186335, 0.8540372670807453, 0.8571428571428571, 0.860248447204969, 0.8633540372670807, 0.8664596273291925, 0.8695652173913043, 0.8726708074534162, 0.8757763975155279, 0.8788819875776397, 0.8819875776397516, 0.8850931677018633, 0.8881987577639752, 0.8913043478260869, 0.8944099378881987, 0.8975155279503105, 0.9006211180124224, 0.9037267080745341, 0.9068322981366459, 0.9099378881987578, 0.9130434782608695, 0.9161490683229814, 0.9192546583850931, 0.9223602484472049, 0.9254658385093167, 0.9285714285714286, 0.9316770186335404, 0.9347826086956521, 0.937888198757764, 0.9409937888198757, 0.9440993788819876, 0.9472049689440993, 0.9503105590062111, 0.953416149068323, 0.9565217391304348, 0.9596273291925466, 0.9627329192546583, 0.9658385093167702, 0.9689440993788819, 0.9720496894409938, 0.9751552795031055, 0.9782608695652173, 0.9813664596273292, 0.984472049689441, 0.9875776397515528, 0.9906832298136645, 0.9937888198757764, 0.9968944099378881, 1.0]
[...]
 0.154296875, 0.155078125, 0.15585937500000002, 0.156640625, 0.15742187500000002, 0.158203125, 0.158984375, 0.15976562500000002, 0.160546875, 0.16132812500000002, 0.162109375, 0.162890625, 0.16367187500000002, 0.164453125, 0.16523437500000002, 0.166015625, 0.166796875, 0.16757812500000002, 0.168359375, 0.16914062500000002, 0.169921875, 0.170703125, 0.17148437500000002, 0.172265625, 0.17304687500000002, 0.173828125, 0.174609375, 0.17539062500000002, 0.176171875, 0.17695312500000002, 0.177734375, 0.178515625, 0.17929687500000002, 0.180078125, 0.18085937500000002, 0.181640625, 0.182421875, 0.18320312500000002, 0.183984375, 0.18476562500000002, 0.185546875, 0.186328125, 0.18710937500000002, 0.187890625, 0.18867187500000002, 0.189453125, 0.190234375, 0.19101562500000002, 0.191796875, 0.19257812500000002, 0.193359375, 0.194140625, 0.19492187500000002, 0.195703125, 0.19648437500000002, 0.197265625, 0.198046875, 0.19882812500000002, 0.199609375, 0.20039062500000002, 0.201171875, 0.201953125, 0.20273437500000002, 0.203515625, 0.20429687500000002, 0.205078125, 0.205859375, 0.20664062500000002, 0.207421875, 0.20820312500000002, 0.208984375, 0.209765625, 0.21054687500000002, 0.211328125, 0.21210937500000002, 0.212890625, 0.213671875, 0.21445312500000002, 0.215234375, 0.21601562500000002, 0.216796875, 0.217578125, 0.21835937500000002, 0.219140625, 0.21992187500000002, 0.220703125, 0.221484375, 0.22226562500000002, 0.223046875, 0.22382812500000002, 0.224609375, 0.225390625, 0.22617187500000002, 0.226953125, 0.22773437500000002, 0.228515625, 0.229296875, 0.23007812500000002, 0.230859375, 0.23164062500000002, 0.232421875, 0.233203125, 0.23398437500000002, 0.234765625, 0.23554687500000002, 0.236328125, 0.237109375, 0.23789062500000002, 0.238671875, 0.23945312500000002, 0.240234375, 0.241015625, 0.24179687500000002, 0.242578125, 0.24335937500000002, 0.244140625, 0.244921875, 0.24570312500000002, 0.246484375, 0.24726562500000002, 0.248046875, 0.248828125, 0.24960937500000002, 0.250390625, 0.25117187500000004, 0.251953125, 0.252734375, 0.253515625, 0.254296875, 0.25507812500000004, 0.255859375, 0.256640625, 0.257421875, 0.258203125, 0.25898437500000004, 0.259765625, 0.260546875, 0.261328125, 0.262109375, 0.26289062500000004, 0.263671875, 0.264453125, 0.265234375, 0.266015625, 0.26679687500000004, 0.267578125, 0.268359375, 0.269140625, 0.269921875, 0.27070312500000004, 0.271484375, 0.272265625, 0.273046875, 0.273828125, 0.27460937500000004, 0.275390625, 0.276171875, 0.276953125, 0.277734375, 0.27851562500000004, 0.279296875, 0.280078125, 0.280859375, 0.281640625, 0.28242187500000004, 0.283203125, 0.283984375, 0.284765625, 0.285546875, 0.28632812500000004, 0.287109375, 0.287890625, 0.288671875, 0.289453125, 0.29023437500000004, 0.291015625, 0.291796875, 0.292578125, 0.293359375, 0.29414062500000004, 0.294921875, 0.295703125, 0.296484375, 0.297265625, 0.29804687500000004, 0.298828125, 0.29960937500000007, 0.300390625, 0.301171875, 0.30195312500000004, 0.302734375, 0.30351562500000007, 0.304296875, 0.305078125, 0.30585937500000004, 0.306640625, 0.30742187500000007, 0.308203125, 0.308984375, 0.30976562500000004, 0.310546875, 0.31132812500000007, 0.312109375, 0.312890625, 0.31367187500000004, 0.314453125, 0.31523437500000007, 0.316015625, 0.316796875, 0.31757812500000004, 0.318359375, 0.31914062500000007, 0.319921875, 0.320703125, 0.32148437500000004, 0.322265625, 0.32304687500000007, 0.323828125, 0.324609375, 0.32539062500000004, 0.326171875, 0.32695312500000007, 0.327734375, 0.328515625, 0.32929687500000004, 0.330078125, 0.33085937500000007, 0.331640625, 0.332421875, 0.33320312500000004, 0.333984375, 0.33476562500000007, 0.335546875, 0.336328125, 0.33710937500000004, 0.337890625, 0.33867187500000007, 0.339453125, 0.340234375, 0.34101562500000004, 0.341796875, 0.34257812500000007, 0.343359375, 0.344140625, 0.34492187500000004, 0.345703125, 0.34648437500000007, 0.347265625, 0.348046875, 0.34882812500000004, 0.349609375, 0.35039062500000007, 0.351171875, 0.351953125, 0.35273437500000004, 0.353515625, 0.35429687500000007, 0.355078125, 0.355859375, 0.35664062500000004, 0.357421875, 0.35820312500000007, 0.358984375, 0.359765625, 0.36054687500000004, 0.361328125, 0.36210937500000007, 0.362890625, 0.363671875, 0.36445312500000004, 0.365234375, 0.36601562500000007, 0.366796875, 0.367578125, 0.36835937500000004, 0.369140625, 0.36992187500000007, 0.370703125, 0.371484375, 0.37226562500000004, 0.373046875, 0.37382812500000007, 0.374609375, 0.375390625, 0.37617187500000004, 0.376953125, 0.37773437500000007, 0.378515625, 0.379296875, 0.38007812500000004, 0.380859375, 0.38164062500000007, 0.382421875, 0.383203125, 0.38398437500000004, 0.384765625, 0.38554687500000007, 0.386328125, 0.387109375, 0.38789062500000004, 0.388671875, 0.38945312500000007, 0.390234375, 0.391015625, 0.39179687500000004, 0.392578125, 0.39335937500000007, 0.394140625, 0.394921875, 0.39570312500000004, 0.396484375, 0.39726562500000007, 0.398046875, 0.398828125, 0.39960937500000004, 0.400390625, 0.40117187500000007, 0.401953125, 0.402734375, 0.40351562500000004, 0.404296875, 0.40507812500000007, 0.405859375, 0.406640625, 0.40742187500000004, 0.408203125, 0.40898437500000007, 0.409765625, 0.410546875, 0.41132812500000004, 0.412109375, 0.41289062500000007, 0.413671875, 0.414453125, 0.41523437500000004, 0.416015625, 0.41679687500000007, 0.417578125, 0.418359375, 0.41914062500000004, 0.419921875, 0.42070312500000007, 0.421484375, 0.422265625, 0.42304687500000004, 0.423828125, 0.42460937500000007, 0.425390625, 0.426171875, 0.42695312500000004, 0.427734375, 0.42851562500000007, 0.429296875, 0.430078125, 0.43085937500000004, 0.431640625, 0.43242187500000007, 0.433203125, 0.433984375, 0.43476562500000004, 0.435546875, 0.43632812500000007, 0.437109375, 0.437890625, 0.43867187500000004, 0.439453125, 0.44023437500000007, 0.441015625, 0.441796875, 0.44257812500000004, 0.443359375, 0.44414062500000007, 0.444921875, 0.445703125, 0.44648437500000004, 0.447265625, 0.44804687500000007, 0.448828125, 0.449609375, 0.45039062500000004, 0.451171875, 0.45195312500000007, 0.452734375, 0.453515625, 0.45429687500000004, 0.455078125, 0.45585937500000007, 0.456640625, 0.457421875, 0.45820312500000004, 0.458984375, 0.45976562500000007, 0.460546875, 0.461328125, 0.46210937500000004, 0.462890625, 0.46367187500000007, 0.464453125, 0.465234375, 0.46601562500000004, 0.466796875, 0.46757812500000007, 0.468359375, 0.469140625, 0.46992187500000004, 0.470703125, 0.47148437500000007, 0.472265625, 0.473046875, 0.47382812500000004, 0.474609375, 0.47539062500000007, 0.476171875, 0.476953125, 0.47773437500000004, 0.478515625, 0.47929687500000007, 0.480078125, 0.480859375, 0.48164062500000004, 0.482421875, 0.48320312500000007, 0.483984375, 0.484765625, 0.48554687500000004, 0.486328125, 0.48710937500000007, 0.487890625, 0.488671875, 0.48945312500000004, 0.490234375, 0.49101562500000007, 0.491796875, 0.492578125, 0.49335937500000004, 0.494140625, 0.49492187500000007, 0.495703125, 0.496484375, 0.49726562500000004, 0.498046875, 0.49882812500000007, 0.499609375, 0.500390015600624, 0.501170046801872, 0.5019500780031201, 0.5027301092043681, 0.5035101404056163, 0.5042901716068643, 0.5050702028081123, 0.5058502340093604, 0.5066302652106084, 0.5074102964118565, 0.5081903276131046, 0.5089703588143526, 0.5097503900156006, 0.5105304212168487, 0.5113104524180967, 0.5120904836193447, 0.5128705148205928, 0.5136505460218409, 0.5144305772230889, 0.515210608424337, 0.515990639625585, 0.516770670826833, 0.5175507020280812, 0.5183307332293292, 0.5191107644305772, 0.5198907956318253, 0.5206708268330733, 0.5214508580343213, 0.5222308892355694, 0.5230109204368175, 0.5237909516380655, 0.5245709828393136, 0.5253510140405616, 0.5261310452418096, 0.5269110764430577, 0.5276911076443058, 0.5284711388455539, 0.5292511700468019, 0.5300312012480499, 0.530811232449298, 0.531591263650546, 0.532371294851794, 0.5331513260530422, 0.5339313572542902, 0.5347113884555382, 0.5354914196567863, 0.5362714508580343, 0.5370514820592824, 0.5378315132605305, 0.5386115444617785, 0.5393915756630265, 0.5401716068642746, 0.5409516380655226, 0.5417316692667706, 0.5425117004680187, 0.5432917316692668, 0.5440717628705148, 0.5448517940717629, 0.5456318252730109, 0.5464118564742589, 0.5471918876755071, 0.5479719188767551, 0.5487519500780031, 0.5495319812792512, 0.5503120124804992, 0.5510920436817472, 0.5518720748829953, 0.5526521060842433, 0.5534321372854915, 0.5542121684867395, 0.5549921996879875, 0.5557722308892356, 0.5565522620904836, 0.5573322932917317, 0.5581123244929798, 0.5588923556942278, 0.5596723868954758, 0.5604524180967239, 0.5612324492979719, 0.5620124804992199, 0.562792511700468, 0.5635725429017161, 0.5643525741029641, 0.5651326053042122, 0.5659126365054602, 0.5666926677067083, 0.5674726989079564, 0.5682527301092044, 0.5690327613104524, 0.5698127925117005, 0.5705928237129485, 0.5713728549141965, 0.5721528861154446, 0.5729329173166926, 0.5737129485179407, 0.5744929797191888, 0.5752730109204368, 0.5760530421216848, 0.576833073322933, 0.577613104524181, 0.578393135725429, 0.5791731669266771, 0.5799531981279251, 0.5807332293291732, 0.5815132605304212, 0.5822932917316692, 0.5830733229329172, 0.5838533541341654, 0.5846333853354134, 0.5854134165366615, 0.5861934477379095, 0.5869734789391576, 0.5877535101404057, 0.5885335413416537, 0.5893135725429017, 0.5900936037441498, 0.5908736349453978, 0.5916536661466458, 0.5924336973478939, 0.593213728549142, 0.59399375975039, 0.5947737909516381, 0.5955538221528861, 0.5963338533541341, 0.5971138845553823, 0.5978939157566303, 0.5986739469578783, 0.5994539781591264, 0.6002340093603744, 0.6010140405616224, 0.6017940717628705, 0.6025741029641185, 0.6033541341653667, 0.6041341653666147, 0.6049141965678627, 0.6056942277691107, 0.6064742589703588, 0.6072542901716069, 0.608034321372855, 0.608814352574103, 0.609594383775351, 0.6103744149765991, 0.6111544461778471, 0.6119344773790951, 0.6127145085803432, 0.6134945397815913, 0.6142745709828393, 0.6150546021840874, 0.6158346333853354, 0.6166146645865835, 0.6173946957878316, 0.6181747269890796, 0.6189547581903276, 0.6197347893915757, 0.6205148205928237, 0.6212948517940717, 0.6220748829953198, 0.6228549141965678, 0.6236349453978159, 0.624414976599064, 0.625195007800312, 0.62597503900156, 0.6267550702028082, 0.6275351014040562, 0.6283151326053042, 0.6290951638065523, 0.6298751950078003, 0.6306552262090483, 0.6314352574102964, 0.6322152886115444, 0.6329953198127924, 0.6337753510140406, 0.6345553822152886, 0.6353354134165367, 0.6361154446177847, 0.6368954758190328, 0.6376755070202809, 0.6384555382215289, 0.6392355694227769, 0.640015600624025, 0.640795631825273, 0.641575663026521, 0.6423556942277691, 0.6431357254290171, 0.6439157566302652, 0.6446957878315133, 0.6454758190327613, 0.6462558502340094, 0.6470358814352575, 0.6478159126365055, 0.6485959438377535, 0.6493759750390016, 0.6501560062402496, 0.6509360374414976, 0.6517160686427457, 0.6524960998439937, 0.6532761310452417, 0.6540561622464899, 0.6548361934477379, 0.655616224648986, 0.6563962558502341, 0.6571762870514821, 0.6579563182527302, 0.6587363494539782, 0.6595163806552262, 0.6602964118564743, 0.6610764430577223, 0.6618564742589703, 0.6626365054602184, 0.6634165366614665, 0.6641965678627145, 0.6649765990639626, 0.6657566302652106, 0.6665366614664587, 0.6673166926677068, 0.6680967238689548, 0.6688767550702028, 0.6696567862714509, 0.6704368174726989, 0.6712168486739469, 0.671996879875195, 0.672776911076443, 0.6735569422776911, 0.6743369734789392, 0.6751170046801872, 0.6758970358814352, 0.6766770670826834, 0.6774570982839314, 0.6782371294851794, 0.6790171606864275, 0.6797971918876755, 0.6805772230889235, 0.6813572542901716, 0.6821372854914196, 0.6829173166926676, 0.6836973478939158, 0.6844773790951638, 0.6852574102964119, 0.6860374414976599, 0.686817472698908, 0.6875975039001561, 0.6883775351014041, 0.6891575663026521, 0.6899375975039002, 0.6907176287051482, 0.6914976599063962, 0.6922776911076443, 0.6930577223088923, 0.6938377535101404, 0.6946177847113885, 0.6953978159126365, 0.6961778471138846, 0.6969578783151327, 0.6977379095163807, 0.6985179407176287, 0.6992979719188768, 0.7000780031201248, 0.7008580343213728, 0.7016380655226209, 0.7024180967238689, 0.7031981279251169, 0.7039781591263651, 0.7047581903276131, 0.7055382215288611, 0.7063182527301093, 0.7070982839313573, 0.7078783151326054, 0.7086583463338534, 0.7094383775351014, 0.7102184087363494, 0.7109984399375975, 0.7117784711388455, 0.7125585023400935, 0.7133385335413417, 0.7141185647425897, 0.7148985959438378, 0.7156786271450858, 0.7164586583463339, 0.717238689547582, 0.71801872074883, 0.718798751950078, 0.7195787831513261, 0.7203588143525741, 0.7211388455538221, 0.7219188767550702, 0.7226989079563182, 0.7234789391575663, 0.7242589703588144, 0.7250390015600624, 0.7258190327613104, 0.7265990639625586, 0.7273790951638066, 0.7281591263650546, 0.7289391575663027, 0.7297191887675507, 0.7304992199687987, 0.7312792511700468, 0.7320592823712948, 0.7328393135725428, 0.733619344773791, 0.734399375975039, 0.735179407176287, 0.7359594383775351, 0.7367394695787832, 0.7375195007800313, 0.7382995319812793, 0.7390795631825273, 0.7398595943837754, 0.7406396255850234, 0.7414196567862714, 0.7421996879875195, 0.7429797191887675, 0.7437597503900156, 0.7445397815912637, 0.7453198127925117, 0.7460998439937598, 0.7468798751950079, 0.7476599063962559, 0.7484399375975039, 0.749219968798752, 0.75, 0.750780031201248, 0.7515600624024961, 0.7523400936037441, 0.7531201248049921, 0.7539001560062403, 0.7546801872074883, 0.7554602184087363, 0.7562402496099845, 0.7570202808112325, 0.7578003120124805, 0.7585803432137286, 0.7593603744149766, 0.7601404056162246, 0.7609204368174727, 0.7617004680187207, 0.7624804992199687, 0.7632605304212168, 0.7640405616224649, 0.764820592823713, 0.7656006240249611, 0.7663806552262091, 0.7671606864274572, 0.7679407176287052, 0.7687207488299532, 0.7695007800312013, 0.7702808112324493, 0.7710608424336973, 0.7718408736349454, 0.7726209048361934, 0.7734009360374414, 0.7741809672386896, 0.7749609984399376, 0.7757410296411857, 0.7765210608424338, 0.7773010920436818, 0.7780811232449298, 0.7788611544461779, 0.7796411856474259, 0.7804212168486739, 0.781201248049922, 0.78198127925117, 0.782761310452418, 0.7835413416536661, 0.7843213728549142, 0.7851014040561622, 0.7858814352574104, 0.7866614664586584, 0.7874414976599065, 0.7882215288611545, 0.7890015600624025, 0.7897815912636506, 0.7905616224648986, 0.7913416536661466, 0.7921216848673946, 0.7929017160686427, 0.7936817472698908, 0.7944617784711389, 0.7952418096723869, 0.796021840873635, 0.7968018720748831, 0.7975819032761311, 0.7983619344773791, 0.7991419656786272, 0.7999219968798752, 0.8007020280811232, 0.8014820592823713, 0.8022620904836193, 0.8030421216848673, 0.8038221528861155, 0.8046021840873635, 0.8053822152886115, 0.8061622464898597, 0.8069422776911077, 0.8077223088923557, 0.8085023400936038, 0.8092823712948518, 0.8100624024960998, 0.8108424336973479, 0.8116224648985959, 0.8124024960998439, 0.813182527301092, 0.8139625585023401, 0.8147425897035881, 0.8155226209048363, 0.8163026521060843, 0.8170826833073324, 0.8178627145085804, 0.8186427457098284, 0.8194227769110765, 0.8202028081123245, 0.8209828393135725, 0.8217628705148206, 0.8225429017160686, 0.8233229329173166, 0.8241029641185648, 0.8248829953198128, 0.8256630265210609, 0.826443057722309, 0.827223088923557, 0.828003120124805, 0.8287831513260531, 0.8295631825273011, 0.8303432137285491, 0.8311232449297972, 0.8319032761310452, 0.8326833073322932, 0.8334633385335413, 0.8342433697347894, 0.8350234009360374, 0.8358034321372856, 0.8365834633385336, 0.8373634945397816, 0.8381435257410297, 0.8389235569422777, 0.8397035881435257, 0.8404836193447738, 0.8412636505460218, 0.8420436817472698, 0.8428237129485179, 0.843603744149766, 0.844383775351014, 0.8451638065522621, 0.8459438377535102, 0.8467238689547583, 0.8475039001560063, 0.8482839313572543, 0.8490639625585024, 0.8498439937597504, 0.8506240249609984, 0.8514040561622465, 0.8521840873634945, 0.8529641185647425, 0.8537441497659907, 0.8545241809672387, 0.8553042121684867, 0.8560842433697349, 0.8568642745709829, 0.8576443057722309, 0.858424336973479, 0.859204368174727, 0.859984399375975, 0.8607644305772231, 0.8615444617784711, 0.8623244929797191, 0.8631045241809672, 0.8638845553822153, 0.8646645865834633, 0.8654446177847115, 0.8662246489859595, 0.8670046801872076, 0.8677847113884556, 0.8685647425897036, 0.8693447737909517, 0.8701248049921997, 0.8709048361934477, 0.8716848673946958, 0.8724648985959438, 0.8732449297971918, 0.87402496099844, 0.874804992199688, 0.8755850234009361, 0.8763650546021842, 0.8771450858034322, 0.8779251170046802, 0.8787051482059283, 0.8794851794071763, 0.8802652106084243, 0.8810452418096724, 0.8818252730109204, 0.8826053042121684, 0.8833853354134165, 0.8841653666146646, 0.8849453978159126, 0.8857254290171608, 0.8865054602184088, 0.8872854914196568, 0.8880655226209049, 0.8888455538221529, 0.8896255850234009, 0.890405616224649, 0.891185647425897, 0.891965678627145, 0.8927457098283931, 0.8935257410296412, 0.8943057722308893, 0.8950858034321373, 0.8958658346333854, 0.8966458658346335, 0.8974258970358815, 0.8982059282371295, 0.8989859594383776, 0.8997659906396256, 0.9005460218408736, 0.9013260530421217, 0.9021060842433697, 0.9028861154446177, 0.9036661466458659, 0.9044461778471139, 0.9052262090483619, 0.9060062402496101, 0.9067862714508581, 0.9075663026521061, 0.9083463338533542, 0.9091263650546022, 0.9099063962558502, 0.9106864274570983, 0.9114664586583463, 0.9122464898595943, 0.9130265210608424, 0.9138065522620905, 0.9145865834633385, 0.9153666146645867, 0.9161466458658347, 0.9169266770670828, 0.9177067082683308, 0.9184867394695788, 0.9192667706708268, 0.9200468018720749, 0.9208268330733229, 0.921606864274571, 0.922386895475819, 0.923166926677067, 0.9239469578783152, 0.9247269890795632, 0.9255070202808113, 0.9262870514820594, 0.9270670826833074, 0.9278471138845554, 0.9286271450858035, 0.9294071762870515, 0.9301872074882995, 0.9309672386895476, 0.9317472698907956, 0.9325273010920436, 0.9333073322932917, 0.9340873634945398, 0.9348673946957878, 0.935647425897036, 0.936427457098284, 0.937207488299532, 0.9379875195007801, 0.9387675507020281, 0.9395475819032761, 0.9403276131045242, 0.9411076443057722, 0.9418876755070202, 0.9426677067082683, 0.9434477379095164, 0.9442277691107644, 0.9450078003120125, 0.9457878315132606, 0.9465678627145087, 0.9473478939157567, 0.9481279251170047, 0.9489079563182528, 0.9496879875195008, 0.9504680187207488, 0.9512480499219969, 0.9520280811232449, 0.9528081123244929, 0.9535881435257411, 0.9543681747269891, 0.9551482059282371, 0.9559282371294853, 0.9567082683307333, 0.9574882995319813, 0.9582683307332294, 0.9590483619344774, 0.9598283931357254, 0.9606084243369735, 0.9613884555382215, 0.9621684867394695, 0.9629485179407176, 0.9637285491419657, 0.9645085803432137, 0.9652886115444619, 0.9660686427457099, 0.966848673946958, 0.967628705148206, 0.968408736349454, 0.969188767550702, 0.9699687987519501, 0.9707488299531981, 0.9715288611544461, 0.9723088923556942, 0.9730889235569422, 0.9738689547581904, 0.9746489859594384, 0.9754290171606865, 0.9762090483619346, 0.9769890795631826, 0.9777691107644306, 0.9785491419656787, 0.9793291731669267, 0.9801092043681747, 0.9808892355694228, 0.9816692667706708, 0.9824492979719188, 0.9832293291731669, 0.984009360374415, 0.984789391575663, 0.9855694227769112, 0.9863494539781592, 0.9871294851794072, 0.9879095163806553, 0.9886895475819033, 0.9894695787831513, 0.9902496099843994, 0.9910296411856474, 0.9918096723868954, 0.9925897035881435, 0.9933697347893916, 0.9941497659906396, 0.9949297971918877, 0.9957098283931358, 0.9964898595943839, 0.9972698907956319, 0.9980499219968799, 0.998829953198128, 0.999609984399376, 1.0]
La vitesse de convergence est: -0.015102473519564676
Le fichier existe déjà.
Image enregistrée.
Le fichier existe déjà.
Image enregistrée.
]]></system-out>
  </testcase>
</testsuite>