<?xml version="1.0" encoding="UTF-8"?>
<testsuite xmlns:xsi="http://www.w3.org/2001/XMLSchema-instance" xsi:noNamespaceSchemaLocation="https://maven.apache.org/surefire/maven-surefire-plugin/xsd/surefire-test-report-3.0.xsd" version="3.0" name="ElementsFinisTest" time="155.29" tests="5" errors="0" skipped="0" failures="0">
  <properties>
[...]
</properties>
  <testcase name="differencesFiniesTest1" classname="ElementsFinisTest" time="31.477">
    <system-out><![CDATA[Tests avec u(x) = 1
Cas avec 320 points entre 0 et 1
Erreur de calcul: 3.985700658404312E-14
-------------------------------------------------------------
]]></system-out>
  </testcase>
  <testcase name="differencesFiniesTest2" classname="ElementsFinisTest" time="30.966">
    <system-out><![CDATA[Tests avec u(x) = x
Cas avec 320 points entre 0 et 1
Erreur de calcul: 0.0031152647975131176
-------------------------------------------------------------
]]></system-out>
  </testcase>
  <testcase name="differencesFiniesTest3" classname="ElementsFinisTest" time="30.913">
    <system-out><![CDATA[Tests avec f(x) = x^2
Cas avec 320 points entre 0 et 1
Erreur de calcul: 0.006220824720268192
-------------------------------------------------------------
]]></system-out>
  </testcase>
  <testcase name="differencesFiniesTest4" classname="ElementsFinisTest" time="30.971">
    <system-out><![CDATA[Tests avec f(x) = x^3
Cas avec 320 points entre 0 et 1
Erreur de calcul: 0.7691992905576993
-------------------------------------------------------------
]]></system-out>
  </testcase>
  <testcase name="differencesFiniesTest5" classname="ElementsFinisTest" time="30.897">
    <system-out><![CDATA[Tests avec f(x) = sin(pi*x)
Cas avec 320 points entre 0 et 1
Erreur de calcul: 1.9986501234264291
---------------------------------------------
]]></system-out>
  </testcase>
</testsuite>