<?xml version="1.0" encoding="UTF-8"?>
<testsuite xmlns:xsi="http://www.w3.org/2001/XMLSchema-instance" xsi:noNamespaceSchemaLocation="https://maven.apache.org/surefire/maven-surefire-plugin/xsd/surefire-test-report-3.0.xsd" version="3.0" name="ElementsFinisTest" time="157.982" tests="5" errors="0" skipped="0" failures="0">
  <properties>
[...]
</properties>
  <testcase name="differencesFiniesTest1" classname="ElementsFinisTest" time="31.986">
    <system-out><![CDATA[Tests avec u(x) = 1
Cas avec 320 points entre 0 et 1
Erreur de calcul: 3.985700658404312E-14
-------------------------------------------------------------
Le fichier existe déjà.
Image enregistrée.
Le fichier existe déjà.
Image enregistrée.
]]></system-out>
    <system-err><![CDATA[Exception in thread "AWT-EventQueue-0" java.lang.IllegalStateException: We should never get here.
	at org.jfree.chart.axis.NumberTickUnitSource.next(NumberTickUnitSource.java:146)
	at org.jfree.chart.axis.NumberTickUnitSource.getCeilingTickUnit(NumberTickUnitSource.java:121)
	at org.jfree.chart.axis.NumberAxis.selectVerticalAutoTickUnit(NumberAxis.java:837)
	at org.jfree.chart.axis.NumberAxis.selectAutoTickUnit(NumberAxis.java:760)
	at org.jfree.chart.axis.NumberAxis.refreshTicksVertical(NumberAxis.java:989)
	at org.jfree.chart.axis.NumberAxis.refreshTicks(NumberAxis.java:869)
	at org.jfree.chart.axis.ValueAxis.reserveSpace(ValueAxis.java:730)
	at org.jfree.chart.plot.XYPlot.calculateRangeAxisSpace(XYPlot.java:2785)
	at org.jfree.chart.plot.XYPlot.calculateAxisSpace(XYPlot.java:2696)
	at org.jfree.chart.plot.XYPlot.draw(XYPlot.java:2840)
	at org.jfree.chart.JFreeChart.draw(JFreeChart.java:1160)
	at org.jfree.chart.ChartPanel.paintComponent(ChartPanel.java:1452)
	at java.desktop/javax.swing.JComponent.paint(JComponent.java:1119)
	at java.desktop/javax.swing.JComponent.paintChildren(JComponent.java:952)
	at java.desktop/javax.swing.JComponent.paint(JComponent.java:1128)
	at java.desktop/javax.swing.JComponent.paintChildren(JComponent.java:952)
	at java.desktop/javax.swing.JComponent.paint(JComponent.java:1128)
	at java.desktop/javax.swing.JLayeredPane.paint(JLayeredPane.java:586)
	at java.desktop/javax.swing.JComponent.paintChildren(JComponent.java:952)
	at java.desktop/javax.swing.JComponent.paintToOffscreen(JComponent.java:5318)
	at java.desktop/javax.swing.RepaintManager$PaintManager.paintDoubleBufferedImpl(RepaintManager.java:1657)
	at java.desktop/javax.swing.RepaintManager$PaintManager.paintDoubleBuffered(RepaintManager.java:1632)
	at java.desktop/javax.swing.RepaintManager$PaintManager.paint(RepaintManager.java:1570)
	at java.desktop/javax.swing.RepaintManager.paint(RepaintManager.java:1337)
	at java.desktop/javax.swing.JComponent.paint(JComponent.java:1105)
	at java.desktop/java.awt.GraphicsCallback$PaintCallback.run(GraphicsCallback.java:39)
	at java.desktop/sun.awt.SunGraphicsCallback.runOneComponent(SunGraphicsCallback.java:75)
	at java.desktop/sun.awt.SunGraphicsCallback.runComponents(SunGraphicsCallback.java:112)
	at java.desktop/java.awt.Container.paint(Container.java:2005)
	at java.desktop/java.awt.Window.paint(Window.java:3959)
	at java.desktop/javax.swing.RepaintManager$4.run(RepaintManager.java:890)
	at java.desktop/javax.swing.RepaintManager$4.run(RepaintManager.java:862)
	at java.base/java.security.AccessController.doPrivileged(AccessController.java:399)
	at java.base/java.security.ProtectionDomain$JavaSecurityAccessImpl.doIntersectionPrivilege(ProtectionDomain.java:86)
	at java.desktop/javax.swing.RepaintManager.paintDirtyRegions(RepaintManager.java:862)
	at java.desktop/javax.swing.RepaintManager.paintDirtyRegions(RepaintManager.java:835)
	at java.desktop/javax.swing.RepaintManager.prePaintDirtyRegions(RepaintManager.java:784)
	at java.desktop/javax.swing.RepaintManager$ProcessingRunnable.run(RepaintManager.java:1898)
	at java.desktop/java.awt.event.InvocationEvent.dispatch(InvocationEvent.java:318)
	at java.desktop/java.awt.EventQueue.dispatchEventImpl(EventQueue.java:771)
	at java.desktop/java.awt.EventQueue$4.run(EventQueue.java:722)
	at java.desktop/java.awt.EventQueue$4.run(EventQueue.java:716)
	at java.base/java.security.AccessController.doPrivileged(AccessController.java:399)
	at java.base/java.security.ProtectionDomain$JavaSecurityAccessImpl.doIntersectionPrivilege(ProtectionDomain.java:86)
	at java.desktop/java.awt.EventQueue.dispatchEvent(EventQueue.java:741)
	at java.desktop/java.awt.EventDispatchThread.pumpOneEventForFilters(EventDispatchThread.java:203)
	at java.desktop/java.awt.EventDispatchThread.pumpEventsForFilter(EventDispatchThread.java:124)
	at java.desktop/java.awt.EventDispatchThread.pumpEventsForHierarchy(EventDispatchThread.java:113)
	at java.desktop/java.awt.EventDispatchThread.pumpEvents(EventDispatchThread.java:109)
	at java.desktop/java.awt.EventDispatchThread.pumpEvents(EventDispatchThread.java:101)
	at java.desktop/java.awt.EventDispatchThread.run(EventDispatchThread.java:90)
]]></system-err>
  </testcase>
  <testcase name="differencesFiniesTest2" classname="ElementsFinisTest" time="31.254">
    <system-out><![CDATA[Tests avec u(x) = x
Cas avec 320 points entre 0 et 1
Erreur de calcul: 1.6042722705833512E-14
-------------------------------------------------------------
Le fichier existe déjà.
Image enregistrée.
Le fichier existe déjà.
Image enregistrée.
]]></system-out>
  </testcase>
  <testcase name="differencesFiniesTest3" classname="ElementsFinisTest" time="32.076">
    <system-out><![CDATA[Tests avec f(x) = x^2
Cas avec 320 points entre 0 et 1
Erreur de calcul: 9.658940314238862E-15
-------------------------------------------------------------
Le fichier existe déjà.
Image enregistrée.
Le fichier existe déjà.
Image enregistrée.
]]></system-out>
  </testcase>
  <testcase name="differencesFiniesTest4" classname="ElementsFinisTest" time="31.189">
    <system-out><![CDATA[Tests avec f(x) = x^3
Cas avec 320 points entre 0 et 1
Erreur de calcul: 4.107825191113079E-15
-------------------------------------------------------------
Le fichier existe déjà.
Image enregistrée.
Le fichier existe déjà.
Image enregistrée.
]]></system-out>
  </testcase>
  <testcase name="differencesFiniesTest5" classname="ElementsFinisTest" time="31.417">
    <system-out><![CDATA[Tests avec f(x) = sin(pi*x)
Cas avec 320 points entre 0 et 1
Erreur de calcul: 7.981882180985167E-6
---------------------------------------------
Le fichier existe déjà.
Image enregistrée.
Le fichier existe déjà.
Image enregistrée.
]]></system-out>
  </testcase>
</testsuite>