<?xml version="1.0" encoding="UTF-8"?>
<testsuite xmlns:xsi="http://www.w3.org/2001/XMLSchema-instance" xsi:noNamespaceSchemaLocation="https://maven.apache.org/surefire/maven-surefire-plugin/xsd/surefire-test-report-3.0.xsd" version="3.0" name="ElementsFinisTest" time="124.942" tests="5" errors="1" skipped="0" failures="0">
  <properties>
[...]
</properties>
  <testcase name="differencesFiniesTest1" classname="ElementsFinisTest" time="1.189">
    <error message="We should never get here." type="java.lang.IllegalStateException"><![CDATA[java.lang.IllegalStateException: We should never get here.
	at org.jfree.chart.axis.NumberTickUnitSource.previous(NumberTickUnitSource.java:166)
	at org.jfree.chart.axis.NumberTickUnitSource.getCeilingTickUnit(NumberTickUnitSource.java:119)
	at org.jfree.chart.axis.NumberAxis.selectVerticalAutoTickUnit(NumberAxis.java:837)
	at org.jfree.chart.axis.NumberAxis.selectAutoTickUnit(NumberAxis.java:760)
	at org.jfree.chart.axis.NumberAxis.refreshTicksVertical(NumberAxis.java:989)
	at org.jfree.chart.axis.NumberAxis.refreshTicks(NumberAxis.java:869)
	at org.jfree.chart.axis.ValueAxis.reserveSpace(ValueAxis.java:730)
	at org.jfree.chart.plot.XYPlot.calculateRangeAxisSpace(XYPlot.java:2785)
	at org.jfree.chart.plot.XYPlot.calculateAxisSpace(XYPlot.java:2696)
	at org.jfree.chart.plot.XYPlot.draw(XYPlot.java:2840)
	at org.jfree.chart.JFreeChart.draw(JFreeChart.java:1160)
	at org.jfree.chart.JFreeChart.createBufferedImage(JFreeChart.java:1327)
	at org.jfree.chart.JFreeChart.createBufferedImage(JFreeChart.java:1308)
	at org.jfree.chart.ChartUtils.writeChartAsPNG(ChartUtils.java:142)
	at org.jfree.chart.ChartUtils.saveChartAsPNG(ChartUtils.java:268)
	at org.jfree.chart.ChartUtils.saveChartAsPNG(ChartUtils.java:243)
	at ElementsFinisTest.saveImage(ElementsFinisTest.java:89)
	at ElementsFinisTest.differencesFiniesTest1(ElementsFinisTest.java:193)
	at java.base/java.lang.reflect.Method.invoke(Method.java:568)
	at java.base/java.util.ArrayList.forEach(ArrayList.java:1511)
	at java.base/java.util.ArrayList.forEach(ArrayList.java:1511)
]]></error>
    <system-out><![CDATA[Tests avec u(x) = 1
Cas avec 320 points entre 0 et 1
Erreur de calcul: 2.220446049250313E-16
-------------------------------------------------------------
Fichier créé : C:\Users\JD\Documents\NetBeansProjects\ElementsFinis\Graphique1_u(x)=1.png
]]></system-out>
  </testcase>
  <testcase name="differencesFiniesTest2" classname="ElementsFinisTest" time="31.452">
    <system-out><![CDATA[Tests avec u(x) = x
Cas avec 320 points entre 0 et 1
Erreur de calcul: 0.09090909090909094
-------------------------------------------------------------
Fichier créé : C:\Users\JD\Documents\NetBeansProjects\ElementsFinis\Graphique2_u(x)=x.png
Image enregistrée.
Le fichier existe déjà.
Image enregistrée.
]]></system-out>
  </testcase>
  <testcase name="differencesFiniesTest3" classname="ElementsFinisTest" time="30.891">
    <system-out><![CDATA[Tests avec f(x) = x^2
Cas avec 320 points entre 0 et 1
Erreur de calcul: 0.17355371900826433
-------------------------------------------------------------
Fichier créé : C:\Users\JD\Documents\NetBeansProjects\ElementsFinis\Graphique3_u(x)=x^2.png
Image enregistrée.
Le fichier existe déjà.
Image enregistrée.
]]></system-out>
  </testcase>
  <testcase name="differencesFiniesTest4" classname="ElementsFinisTest" time="30.693">
    <system-out><![CDATA[Tests avec f(x) = x^3
Cas avec 320 points entre 0 et 1
Erreur de calcul: 0.26446280991735516
-------------------------------------------------------------
Fichier créé : C:\Users\JD\Documents\NetBeansProjects\ElementsFinis\Graphique4_u(x)=x^3.png
Image enregistrée.
Le fichier existe déjà.
Image enregistrée.
]]></system-out>
  </testcase>
  <testcase name="differencesFiniesTest5" classname="ElementsFinisTest" time="30.655">
    <system-out><![CDATA[Tests avec f(x) = sin(pi*x)
Cas avec 320 points entre 0 et 1
Erreur de calcul: 0.23408801553952405
---------------------------------------------
Fichier créé : C:\Users\JD\Documents\NetBeansProjects\ElementsFinis\Graphique5_u(x)=sin(pi x).png
Image enregistrée.
Le fichier existe déjà.
Image enregistrée.
]]></system-out>
  </testcase>
</testsuite>